SF:lib\core\networking\api\api_manager.g.dart
DA:12,0
DA:17,0
DA:26,0
DA:29,0
DA:30,0
DA:31,0
DA:32,0
DA:33,0
DA:34,0
DA:39,0
DA:40,0
DA:45,0
DA:46,0
DA:47,0
DA:48,0
DA:50,0
DA:53,0
DA:55,0
DA:61,0
DA:63,0
DA:64,0
DA:65,0
DA:66,0
DA:67,0
DA:68,0
DA:73,0
DA:74,0
DA:79,0
DA:80,0
DA:81,0
DA:82,0
DA:84,0
DA:87,0
DA:89,0
DA:95,0
DA:97,0
DA:98,0
DA:99,0
DA:100,0
DA:101,0
DA:102,0
DA:107,0
DA:108,0
DA:113,0
DA:114,0
DA:115,0
DA:116,0
DA:118,0
DA:121,0
DA:123,0
DA:129,0
DA:131,0
DA:132,0
DA:133,0
DA:134,0
DA:135,0
DA:136,0
DA:141,0
DA:142,0
DA:147,0
DA:148,0
DA:149,0
DA:150,0
DA:152,0
DA:153,0
DA:157,0
DA:160,0
DA:161,0
DA:162,0
DA:163,0
DA:164,0
DA:165,0
DA:170,0
DA:171,0
DA:176,0
DA:177,0
DA:178,0
DA:179,0
DA:181,0
DA:184,0
DA:186,0
DA:192,0
DA:194,0
DA:195,0
DA:196,0
DA:198,0
DA:203,0
DA:204,0
DA:209,0
DA:210,0
DA:211,0
DA:212,0
DA:214,0
DA:217,0
DA:219,0
DA:225,0
DA:227,0
DA:228,0
DA:229,0
DA:231,0
DA:236,0
DA:237,0
DA:242,0
DA:243,0
DA:244,0
DA:245,0
DA:247,0
DA:250,0
DA:252,0
DA:258,0
DA:260,0
DA:261,0
DA:262,0
DA:264,0
DA:269,0
DA:270,0
DA:271,0
DA:275,0
DA:276,0
DA:277,0
DA:278,0
DA:280,0
DA:283,0
DA:285,0
DA:291,0
DA:294,0
DA:295,0
DA:296,0
DA:297,0
DA:298,0
DA:299,0
DA:304,0
DA:305,0
DA:310,0
DA:311,0
DA:312,0
DA:313,0
DA:315,0
DA:318,0
DA:320,0
DA:326,0
DA:328,0
DA:329,0
DA:330,0
DA:331,0
DA:332,0
DA:334,0
DA:335,0
DA:336,0
DA:339,0
DA:345,0
DA:346,0
DA:351,0
DA:352,0
DA:353,0
DA:354,0
DA:356,0
DA:359,0
DA:361,0
DA:367,0
DA:370,0
DA:371,0
DA:372,0
DA:374,0
DA:379,0
DA:380,0
DA:385,0
DA:386,0
DA:387,0
DA:388,0
DA:390,0
DA:393,0
DA:395,0
DA:401,0
DA:403,0
DA:404,0
DA:405,0
DA:407,0
DA:412,0
DA:413,0
DA:418,0
DA:419,0
DA:420,0
DA:421,0
DA:423,0
DA:426,0
DA:428,0
DA:434,0
DA:436,0
DA:437,0
DA:438,0
DA:440,0
DA:445,0
DA:446,0
DA:451,0
DA:452,0
DA:453,0
DA:454,0
DA:456,0
DA:459,0
DA:461,0
DA:467,0
DA:469,0
DA:470,0
DA:471,0
DA:473,0
DA:478,0
DA:479,0
DA:484,0
DA:485,0
DA:486,0
DA:487,0
DA:489,0
DA:492,0
DA:494,0
DA:500,0
DA:505,0
DA:506,0
DA:510,0
DA:512,0
DA:517,0
DA:518,0
DA:523,0
DA:524,0
DA:525,0
DA:526,0
DA:528,0
DA:531,0
DA:533,0
DA:539,0
DA:542,0
DA:543,0
DA:546,0
DA:548,0
DA:553,0
DA:554,0
DA:559,0
DA:560,0
DA:561,0
DA:562,0
DA:564,0
DA:567,0
DA:569,0
DA:575,0
DA:576,0
DA:577,0
DA:578,0
DA:579,0
DA:580,0
DA:582,0
DA:588,0
DA:592,0
DA:596,0
DA:598,0
DA:599,0
DA:602,0
LF:256
LH:0
end_of_record
SF:lib\core\networking\common\api_result.dart
DA:6,16
DA:12,3
LF:2
LH:2
end_of_record
SF:lib\features\auth\data\data_sources\impl\auth_online_data_source_impl.dart
DA:22,1
DA:25,0
DA:27,0
DA:28,0
DA:29,0
DA:33,0
DA:35,0
DA:36,0
DA:37,0
DA:42,0
DA:45,0
DA:46,0
DA:47,0
DA:48,0
DA:52,1
DA:54,2
DA:55,3
DA:56,1
DA:60,1
DA:63,2
DA:64,3
DA:65,1
LF:22
LH:9
end_of_record
SF:lib\features\auth\data\mapper\auth_mapper.dart
DA:22,0
DA:23,0
DA:24,0
DA:25,0
DA:29,0
DA:30,0
DA:31,0
DA:35,0
DA:37,0
DA:40,0
DA:42,0
DA:45,0
DA:47,0
DA:50,1
DA:51,1
DA:52,1
DA:53,1
DA:54,1
DA:55,1
DA:56,1
DA:57,1
DA:58,1
DA:59,1
DA:60,1
DA:61,1
DA:62,1
DA:66,1
DA:67,1
DA:68,1
DA:69,1
DA:70,2
DA:74,1
DA:76,1
DA:77,1
DA:78,1
DA:79,1
DA:80,1
DA:81,1
DA:82,1
DA:83,1
DA:84,1
DA:85,1
DA:86,1
DA:87,1
DA:88,1
DA:92,1
DA:93,3
DA:96,1
DA:97,1
DA:98,2
LF:50
LH:37
end_of_record
SF:lib\features\auth\data\models\response\login_response_dto.dart
DA:13,1
DA:19,0
DA:20,0
DA:23,0
DA:24,0
DA:55,1
DA:70,0
DA:71,0
DA:74,0
DA:75,0
LF:10
LH:2
end_of_record
SF:lib\features\auth\data\models\response\login_response_dto.g.dart
DA:9,0
DA:10,0
DA:11,0
DA:12,0
DA:14,0
DA:15,0
DA:18,0
DA:19,0
DA:20,0
DA:21,0
DA:22,0
DA:25,0
DA:26,0
DA:27,0
DA:28,0
DA:29,0
DA:30,0
DA:31,0
DA:32,0
DA:33,0
DA:34,0
DA:35,0
DA:36,0
DA:37,0
DA:40,0
DA:41,0
DA:42,0
DA:43,0
DA:44,0
DA:45,0
DA:46,0
DA:47,0
DA:48,0
DA:49,0
DA:50,0
DA:51,0
DA:52,0
LF:37
LH:0
end_of_record
SF:lib\features\auth\data\models\response\signup_response_dto.dart
DA:13,1
DA:19,0
DA:20,0
DA:24,0
DA:25,0
DA:56,1
DA:71,0
DA:72,0
DA:75,0
DA:76,0
LF:10
LH:2
end_of_record
SF:lib\features\auth\data\models\response\signup_response_dto.g.dart
DA:9,0
DA:10,0
DA:11,0
DA:12,0
DA:14,0
DA:15,0
DA:18,0
DA:19,0
DA:20,0
DA:21,0
DA:22,0
DA:25,0
DA:26,0
DA:27,0
DA:28,0
DA:29,0
DA:30,0
DA:31,0
DA:32,0
DA:33,0
DA:34,0
DA:35,0
DA:36,0
DA:37,0
DA:40,0
DA:41,0
DA:42,0
DA:43,0
DA:44,0
DA:45,0
DA:46,0
DA:47,0
DA:48,0
DA:49,0
DA:50,0
DA:51,0
DA:52,0
LF:37
LH:0
end_of_record
SF:lib\features\auth\domain\entities\request\login_request_entity.dart
DA:5,4
LF:1
LH:1
end_of_record
SF:lib\features\auth\domain\entities\request\signup_request_entity.dart
DA:2,4
DA:14,4
DA:15,4
DA:16,4
DA:17,4
DA:18,4
DA:19,4
DA:20,4
DA:21,4
DA:22,4
DA:23,4
DA:24,4
DA:37,0
DA:48,0
DA:49,0
DA:50,0
DA:51,0
DA:52,0
DA:53,0
DA:54,0
DA:55,0
DA:56,0
DA:57,0
DA:58,0
DA:60,2
DA:61,2
DA:62,2
DA:63,2
DA:64,2
DA:65,2
DA:66,2
DA:67,2
DA:68,2
DA:69,2
DA:70,2
DA:72,0
DA:73,0
DA:74,0
DA:75,0
DA:76,0
DA:77,0
DA:78,0
DA:79,0
DA:80,0
DA:81,0
DA:82,0
DA:83,0
DA:84,0
LF:48
LH:23
end_of_record
SF:lib\features\auth\domain\entities\response\login_response_entity.dart
DA:6,3
LF:1
LH:1
end_of_record
SF:lib\features\auth\domain\entities\response\sign_up_response_entity.dart
DA:9,4
DA:16,0
DA:17,0
DA:34,20
DA:49,0
DA:50,0
LF:6
LH:2
end_of_record
SF:lib\features\auth\data\models\request\forget_password_request_dto.dart
DA:9,0
DA:11,0
DA:12,0
DA:14,0
LF:4
LH:0
end_of_record
SF:lib\features\auth\data\models\request\forget_password_request_dto.g.dart
DA:9,0
DA:11,0
DA:12,0
DA:15,0
DA:17,0
DA:18,0
LF:6
LH:0
end_of_record
SF:lib\features\auth\data\models\request\login_request_dto.dart
DA:12,1
DA:17,0
DA:18,0
DA:21,0
DA:22,0
LF:5
LH:1
end_of_record
SF:lib\features\auth\data\models\request\login_request_dto.g.dart
DA:9,0
DA:10,0
DA:11,0
DA:12,0
DA:15,0
DA:16,0
DA:17,0
DA:18,0
LF:8
LH:0
end_of_record
SF:lib\features\auth\data\models\request\reset_password_request_dto.dart
DA:10,0
DA:12,0
DA:13,0
DA:15,0
LF:4
LH:0
end_of_record
SF:lib\features\auth\data\models\request\reset_password_request_dto.g.dart
DA:9,0
DA:11,0
DA:12,0
DA:13,0
DA:16,0
DA:18,0
DA:19,0
DA:20,0
LF:8
LH:0
end_of_record
SF:lib\features\auth\data\models\request\signup_request_dto.dart
DA:29,1
DA:43,0
DA:44,0
DA:47,0
DA:48,0
LF:5
LH:1
end_of_record
SF:lib\features\auth\data\models\request\signup_request_dto.g.dart
DA:9,0
DA:10,0
DA:11,0
DA:12,0
DA:13,0
DA:14,0
DA:15,0
DA:16,0
DA:17,0
DA:18,0
DA:19,0
DA:20,0
DA:21,0
DA:24,0
DA:25,0
DA:26,0
DA:27,0
DA:28,0
DA:29,0
DA:30,0
DA:31,0
DA:32,0
DA:33,0
DA:34,0
DA:35,0
DA:36,0
LF:26
LH:0
end_of_record
SF:lib\features\auth\data\models\request\verify_otp_request_dto.dart
DA:9,0
DA:11,0
DA:12,0
DA:14,0
LF:4
LH:0
end_of_record
SF:lib\features\auth\data\models\request\verify_otp_request_dto.g.dart
DA:9,0
DA:10,0
DA:11,0
DA:14,0
DA:16,0
DA:17,0
LF:6
LH:0
end_of_record
SF:lib\features\auth\data\models\response\forget_response_dto.dart
DA:10,0
DA:12,0
DA:13,0
DA:15,0
LF:4
LH:0
end_of_record
SF:lib\features\auth\data\models\response\forget_response_dto.g.dart
DA:9,0
DA:11,0
DA:12,0
DA:13,0
DA:16,0
DA:18,0
DA:19,0
DA:20,0
LF:8
LH:0
end_of_record
SF:lib\features\auth\data\models\response\reset_password_response_dto.dart
DA:10,0
DA:12,0
DA:13,0
DA:15,0
LF:4
LH:0
end_of_record
SF:lib\features\auth\data\models\response\reset_password_response_dto.g.dart
DA:9,0
DA:11,0
DA:12,0
DA:13,0
DA:16,0
DA:18,0
DA:19,0
DA:20,0
LF:8
LH:0
end_of_record
SF:lib\features\exercises\data\model\exercises_response_dto.dart
DA:18,0
DA:26,0
DA:27,0
DA:30,0
DA:31,0
DA:106,0
DA:143,0
DA:144,0
DA:147,0
DA:148,0
LF:10
LH:0
end_of_record
SF:lib\features\exercises\data\model\exercises_response_dto.g.dart
DA:9,0
DA:11,0
DA:12,0
DA:13,0
DA:14,0
DA:15,0
DA:16,0
DA:17,0
DA:18,0
DA:21,0
DA:23,0
DA:24,0
DA:25,0
DA:26,0
DA:27,0
DA:28,0
DA:31,0
DA:32,0
DA:33,0
DA:34,0
DA:36,0
DA:37,0
DA:38,0
DA:39,0
DA:40,0
DA:41,0
DA:42,0
DA:43,0
DA:44,0
DA:45,0
DA:46,0
DA:47,0
DA:49,0
DA:50,0
DA:51,0
DA:53,0
DA:54,0
DA:55,0
DA:56,0
DA:57,0
DA:58,0
DA:59,0
DA:60,0
DA:61,0
DA:62,0
DA:63,0
DA:64,0
DA:65,0
DA:67,0
DA:69,0
DA:71,0
DA:74,0
DA:75,0
DA:76,0
DA:77,0
DA:78,0
DA:79,0
DA:80,0
DA:81,0
DA:82,0
DA:83,0
DA:84,0
DA:85,0
DA:86,0
DA:87,0
DA:88,0
DA:89,0
DA:90,0
DA:91,0
DA:92,0
DA:93,0
DA:94,0
DA:95,0
DA:96,0
DA:97,0
DA:98,0
DA:99,0
DA:100,0
DA:101,0
DA:102,0
DA:103,0
DA:104,0
DA:105,0
DA:106,0
DA:107,0
DA:109,0
DA:111,0
LF:87
LH:0
end_of_record
SF:lib\features\exercises\data\model\levels_prime_over_muscle_dto.dart
DA:14,0
DA:20,0
DA:21,0
DA:24,0
DA:25,0
DA:36,0
DA:41,0
DA:42,0
DA:45,0
DA:46,0
LF:10
LH:0
end_of_record
SF:lib\features\exercises\data\model\levels_prime_over_muscle_dto.g.dart
DA:9,0
DA:11,0
DA:12,0
DA:13,0
DA:14,0
DA:15,0
DA:16,0
DA:19,0
DA:21,0
DA:22,0
DA:23,0
DA:24,0
DA:27,0
DA:28,0
DA:29,0
DA:30,0
DA:33,0
DA:35,0
DA:36,0
DA:37,0
LF:20
LH:0
end_of_record
SF:lib\features\home\data\models\response\get_all_difficult_levels_response_dto.dart
DA:10,0
DA:12,0
DA:14,0
DA:16,0
DA:17,0
DA:26,0
DA:28,0
DA:30,0
DA:32,0
DA:33,0
LF:10
LH:0
end_of_record
SF:lib\features\home\data\models\response\get_all_difficult_levels_response_dto.g.dart
DA:9,0
DA:11,0
DA:12,0
DA:13,0
DA:14,0
DA:16,0
DA:18,0
DA:21,0
DA:23,0
DA:24,0
DA:25,0
DA:28,0
DA:31,0
DA:32,0
DA:33,0
DA:36,0
DA:38,0
DA:39,0
DA:40,0
LF:19
LH:0
end_of_record
SF:lib\features\home\data\models\response\get_random_exercises_response_dto.dart
DA:11,0
DA:14,0
DA:15,0
DA:17,0
DA:86,0
DA:122,0
DA:124,0
DA:126,0
DA:127,0
LF:9
LH:0
end_of_record
SF:lib\features\home\data\models\response\get_random_exercises_response_dto.g.dart
DA:9,0
DA:11,0
DA:12,0
DA:13,0
DA:14,0
DA:15,0
DA:17,0
DA:19,0
DA:22,0
DA:24,0
DA:25,0
DA:26,0
DA:27,0
DA:30,0
DA:33,0
DA:34,0
DA:35,0
DA:36,0
DA:37,0
DA:38,0
DA:39,0
DA:40,0
DA:41,0
DA:42,0
DA:43,0
DA:44,0
DA:45,0
DA:46,0
DA:47,0
DA:48,0
DA:49,0
DA:50,0
DA:51,0
DA:52,0
DA:53,0
DA:54,0
DA:55,0
DA:56,0
DA:57,0
DA:58,0
DA:59,0
DA:60,0
DA:61,0
DA:62,0
DA:63,0
DA:64,0
DA:65,0
DA:66,0
DA:67,0
DA:70,0
DA:72,0
DA:73,0
DA:74,0
DA:75,0
DA:76,0
DA:77,0
DA:78,0
DA:79,0
DA:80,0
DA:81,0
DA:82,0
DA:83,0
DA:84,0
DA:85,0
DA:86,0
DA:87,0
DA:88,0
DA:89,0
DA:90,0
DA:91,0
DA:92,0
DA:93,0
DA:94,0
DA:95,0
DA:96,0
DA:97,0
DA:98,0
DA:99,0
DA:100,0
DA:101,0
DA:102,0
DA:103,0
DA:104,0
DA:106,0
DA:108,0
LF:85
LH:0
end_of_record
SF:lib\features\home\data\models\response\get_random_muscles_response_dto.dart
DA:11,0
DA:13,0
DA:14,0
DA:16,0
DA:26,0
DA:28,0
DA:30,0
DA:32,0
DA:33,0
LF:9
LH:0
end_of_record
SF:lib\features\home\data\models\response\get_random_muscles_response_dto.g.dart
DA:9,0
DA:11,0
DA:12,0
DA:13,0
DA:14,0
DA:15,0
DA:17,0
DA:19,0
DA:22,0
DA:24,0
DA:25,0
DA:26,0
DA:27,0
DA:30,0
DA:32,0
DA:33,0
DA:34,0
DA:35,0
DA:38,0
DA:40,0
DA:41,0
DA:42,0
DA:43,0
LF:23
LH:0
end_of_record
SF:lib\features\profile\data\models\response\edit_profile_response_dto.dart
DA:12,0
DA:17,0
DA:18,0
DA:21,0
DA:22,0
DA:61,0
DA:80,0
DA:81,0
DA:84,0
DA:85,0
LF:10
LH:0
end_of_record
SF:lib\features\profile\data\models\response\edit_profile_response_dto.g.dart
DA:9,0
DA:11,0
DA:12,0
DA:13,0
DA:15,0
DA:18,0
DA:20,0
DA:21,0
DA:22,0
DA:25,0
DA:26,0
DA:27,0
DA:28,0
DA:29,0
DA:30,0
DA:31,0
DA:32,0
DA:33,0
DA:34,0
DA:35,0
DA:36,0
DA:37,0
DA:38,0
DA:39,0
DA:40,0
DA:41,0
DA:44,0
DA:45,0
DA:46,0
DA:47,0
DA:48,0
DA:49,0
DA:50,0
DA:51,0
DA:52,0
DA:53,0
DA:54,0
DA:55,0
DA:56,0
DA:57,0
DA:58,0
DA:59,0
DA:60,0
LF:43
LH:0
end_of_record
SF:lib\features\profile\data\models\response\profile_response_model.dart
DA:11,0
DA:16,0
DA:17,0
DA:20,0
DA:21,0
DA:52,0
DA:67,0
DA:68,0
DA:71,0
DA:72,0
LF:10
LH:0
end_of_record
SF:lib\features\profile\data\models\response\profile_response_model.g.dart
DA:9,0
DA:10,0
DA:11,0
DA:12,0
DA:14,0
DA:17,0
DA:18,0
DA:19,0
DA:20,0
DA:23,0
DA:24,0
DA:25,0
DA:26,0
DA:27,0
DA:28,0
DA:29,0
DA:30,0
DA:31,0
DA:32,0
DA:33,0
DA:34,0
DA:35,0
DA:36,0
DA:39,0
DA:40,0
DA:41,0
DA:42,0
DA:43,0
DA:44,0
DA:45,0
DA:46,0
DA:47,0
DA:48,0
DA:49,0
DA:50,0
DA:51,0
DA:52,0
LF:37
LH:0
end_of_record
SF:lib\features\profile\data\models\response\upload_photo_response_dto.dart
DA:10,0
DA:14,0
DA:15,0
DA:18,0
DA:19,0
LF:5
LH:0
end_of_record
SF:lib\features\profile\data\models\response\upload_photo_response_dto.g.dart
DA:9,0
DA:11,0
DA:12,0
DA:15,0
DA:17,0
DA:18,0
LF:6
LH:0
end_of_record
SF:lib\features\workouts\data\models\response\get_all_workout_by_id_dto.dart
DA:14,1
DA:20,0
DA:21,0
DA:24,0
DA:25,0
DA:36,1
DA:41,0
DA:42,0
DA:45,0
DA:46,0
DA:59,1
DA:65,0
DA:66,0
DA:69,0
DA:70,0
LF:15
LH:3
end_of_record
SF:lib\features\workouts\data\models\response\get_all_workout_by_id_dto.g.dart
DA:9,0
DA:11,0
DA:12,0
DA:13,0
DA:15,0
DA:16,0
DA:17,0
DA:18,0
DA:21,0
DA:23,0
DA:24,0
DA:25,0
DA:26,0
DA:29,0
DA:30,0
DA:31,0
DA:34,0
DA:35,0
DA:36,0
DA:37,0
DA:40,0
DA:41,0
DA:42,0
DA:43,0
DA:46,0
DA:47,0
DA:48,0
DA:49,0
LF:28
LH:0
end_of_record
SF:lib\features\workouts\data\models\response\muscles_by_muscle_group_id_dto.dart
DA:11,0
DA:14,0
DA:16,0
DA:26,0
DA:28,0
DA:30,0
LF:6
LH:0
end_of_record
SF:lib\features\workouts\data\models\response\muscles_by_muscle_group_id_dto.g.dart
DA:9,0
DA:11,0
DA:12,0
DA:13,0
DA:14,0
DA:15,0
DA:17,0
DA:19,0
DA:23,0
DA:25,0
DA:26,0
DA:27,0
DA:28,0
LF:13
LH:0
end_of_record
SF:lib\features\workouts\data\models\response\workouts_response_dto.dart
DA:12,1
DA:17,0
DA:18,0
DA:21,0
DA:22,0
DA:33,1
DA:38,0
DA:39,0
DA:42,0
DA:43,0
LF:10
LH:2
end_of_record
SF:lib\features\workouts\data\models\response\workouts_response_dto.g.dart
DA:9,0
DA:10,0
DA:11,0
DA:12,0
DA:13,0
DA:14,0
DA:17,0
DA:19,0
DA:20,0
DA:21,0
DA:24,0
DA:25,0
DA:26,0
DA:29,0
DA:30,0
DA:31,0
DA:32,0
LF:17
LH:0
end_of_record
SF:lib\core\networking\api_execute.dart
DA:6,3
DA:8,3
DA:9,3
DA:10,0
DA:11,0
LF:5
LH:3
end_of_record
SF:lib\features\auth\domain\entities\request\forget_password_request_entity.dart
DA:4,0
LF:1
LH:0
end_of_record
SF:lib\features\auth\domain\entities\response\forget_password_response_entity.dart
DA:5,0
LF:1
LH:0
end_of_record
SF:lib\features\auth\domain\entities\response\reset_password_response_entity.dart
DA:5,0
LF:1
LH:0
end_of_record
SF:lib\features\auth\domain\entities\request\reset_password_request_entity.dart
DA:5,0
LF:1
LH:0
end_of_record
SF:lib\features\auth\domain\entities\request\verify_otp_request_enity.dart
DA:4,0
LF:1
LH:0
end_of_record
SF:lib\features\auth\data\repositories\auth_repo_impl.dart
DA:19,1
DA:22,0
DA:25,0
DA:28,0
DA:30,0
DA:33,0
DA:36,0
DA:39,1
DA:42,2
DA:45,1
DA:48,2
LF:11
LH:5
end_of_record
SF:lib\features\auth\domain\use_cases\login_use_case.dart
DA:11,1
DA:13,1
DA:15,2
LF:3
LH:3
end_of_record
SF:lib\features\auth\domain\use_cases\signup_use_case.dart
DA:11,1
DA:13,1
DA:15,2
LF:3
LH:3
end_of_record
SF:lib\features\auth\presentation\login\viewModel\login_action.dart
DA:6,0
LF:1
LH:0
end_of_record
SF:lib\features\auth\presentation\login\viewModel\login_view_model_cubit.dart
DA:25,1
DA:27,0
DA:29,0
DA:30,0
DA:34,0
DA:35,0
DA:36,0
DA:38,0
DA:39,0
DA:40,0
DA:41,0
DA:42,0
DA:46,0
DA:47,0
DA:48,0
DA:49,0
DA:50,0
DA:52,0
LF:18
LH:1
end_of_record
SF:lib\features\auth\presentation\login\viewModel\login_view_model_state.dart
DA:13,0
DA:19,0
LF:2
LH:0
end_of_record
SF:lib\core\app_cubit\app_cubit.dart
DA:12,0
DA:20,0
DA:22,0
DA:23,0
DA:25,0
DA:26,0
DA:29,0
DA:30,0
DA:32,0
DA:33,0
DA:34,0
DA:38,0
DA:39,0
DA:40,0
DA:44,0
DA:46,0
DA:48,0
DA:49,0
DA:50,0
LF:19
LH:0
end_of_record
SF:lib\core\services\shared_preference\shared_preference_helper.dart
DA:4,0
DA:5,0
DA:8,0
DA:10,0
DA:12,0
DA:15,0
DA:16,0
DA:20,0
DA:21,0
DA:25,0
DA:29,0
DA:33,0
DA:34,0
DA:38,0
DA:42,0
DA:46,0
DA:47,0
DA:51,0
DA:55,0
DA:59,0
DA:60,0
DA:64,0
DA:65,0
DA:69,0
DA:70,0
DA:74,0
DA:75,0
DA:79,0
DA:80,0
DA:88,0
DA:89,0
LF:31
LH:0
end_of_record
SF:lib\core\app_cubit\app_state.dart
DA:12,0
DA:17,0
LF:2
LH:0
end_of_record
SF:lib\core\localization\app_localizations.dart
DA:8,0
DA:13,0
DA:14,0
DA:25,0
DA:27,0
DA:29,0
DA:31,0
DA:32,0
DA:37,0
DA:40,0
LF:10
LH:0
end_of_record
SF:lib\core\localization\app_localizations_delegate.dart
DA:7,13
DA:10,0
DA:12,0
DA:16,0
DA:18,0
DA:19,0
DA:24,0
LF:7
LH:1
end_of_record
SF:lib\core\networking\api\meals_api_manager\meals_api_manager.g.dart
DA:12,0
DA:17,0
DA:26,0
DA:28,0
DA:29,0
DA:30,0
DA:32,0
DA:37,0
DA:38,0
DA:43,0
DA:44,0
DA:45,0
DA:46,0
DA:48,0
DA:51,0
DA:53,0
DA:59,0
DA:61,0
DA:62,0
DA:63,0
DA:65,0
DA:70,0
DA:71,0
DA:76,0
DA:77,0
DA:78,0
DA:79,0
DA:81,0
DA:84,0
DA:86,0
DA:92,0
DA:94,0
DA:95,0
DA:96,0
DA:98,0
DA:103,0
DA:104,0
DA:109,0
DA:110,0
DA:111,0
DA:112,0
DA:114,0
DA:117,0
DA:119,0
DA:125,0
DA:126,0
DA:127,0
DA:128,0
DA:129,0
DA:130,0
DA:132,0
DA:138,0
DA:142,0
DA:146,0
DA:148,0
DA:149,0
DA:152,0
LF:57
LH:0
end_of_record
SF:lib\features\meals\data\models\meals_by_category_response_dto.dart
DA:9,1
DA:11,0
DA:12,0
DA:22,1
DA:24,0
DA:25,0
LF:6
LH:2
end_of_record
SF:lib\features\meals\data\models\meals_by_category_response_dto.g.dart
DA:9,0
DA:11,0
DA:12,0
DA:13,0
DA:15,0
DA:16,0
DA:21,0
DA:22,0
DA:23,0
DA:24,0
DA:25,0
LF:11
LH:0
end_of_record
SF:lib\features\meals\data\models\meals_categories_response_dto.dart
DA:9,1
DA:11,0
DA:12,0
DA:23,1
DA:26,0
DA:28,0
LF:6
LH:2
end_of_record
SF:lib\features\meals\data\models\meals_categories_response_dto.g.dart
DA:9,0
DA:11,0
DA:12,0
DA:13,0
DA:15,0
DA:16,0
DA:20,0
DA:21,0
DA:22,0
DA:23,0
DA:24,0
DA:25,0
LF:12
LH:0
end_of_record
SF:lib\features\meals\data\models\meals_details_response_dto.dart
DA:8,1
DA:10,0
DA:11,0
DA:12,0
DA:13,0
DA:14,0
DA:42,1
DA:59,0
DA:61,0
DA:62,0
DA:64,0
DA:65,0
DA:66,0
DA:67,0
DA:68,0
DA:69,0
DA:73,0
DA:74,0
DA:75,0
DA:76,0
DA:77,0
DA:78,0
DA:79,0
DA:80,0
DA:81,0
DA:82,0
DA:85,0
DA:86,0
DA:87,0
DA:88,0
LF:30
LH:2
end_of_record
SF:lib\core\networking\common\register_context_module.dart
DA:7,3
DA:11,0
DA:12,0
DA:13,0
DA:15,0
DA:16,0
DA:17,0
DA:19,0
LF:8
LH:1
end_of_record
SF:lib\core\networking\error\error_handler.dart
DA:10,0
DA:12,2
DA:13,2
DA:14,0
DA:15,2
DA:23,0
DA:25,0
DA:28,0
DA:29,0
DA:30,0
DA:31,0
DA:32,0
DA:33,0
DA:37,0
DA:38,0
DA:45,0
DA:47,0
DA:50,0
DA:53,0
DA:57,0
DA:61,0
DA:62,0
DA:63,0
LF:23
LH:3
end_of_record
SF:lib\core\networking\error\error_model.dart
DA:5,13
DA:12,0
DA:13,0
DA:14,0
DA:15,0
DA:21,0
DA:22,0
DA:23,0
DA:24,0
DA:28,1
DA:29,3
LF:11
LH:3
end_of_record
SF:lib\core\networking\network_factory.dart
DA:12,0
DA:14,0
DA:15,0
DA:21,0
DA:23,0
DA:24,0
DA:25,0
DA:26,0
DA:27,0
DA:28,0
DA:29,0
DA:31,0
DA:32,0
DA:34,0
DA:42,0
DA:43,0
LF:16
LH:0
end_of_record
SF:lib\core\routes\app_routes.dart
DA:72,0
DA:73,0
DA:75,0
DA:76,0
DA:77,0
DA:78,0
DA:79,0
DA:82,0
DA:83,0
DA:84,0
DA:85,0
DA:88,0
DA:89,0
DA:90,0
DA:91,0
DA:92,0
DA:93,0
DA:94,0
DA:95,0
DA:96,0
DA:97,0
DA:98,0
DA:101,0
DA:102,0
DA:103,0
DA:106,0
DA:107,0
DA:108,0
DA:111,0
DA:112,0
DA:113,0
DA:116,0
DA:117,0
DA:118,0
DA:121,0
DA:122,0
DA:123,0
DA:124,0
DA:125,0
DA:126,0
DA:127,0
DA:128,0
DA:130,0
DA:134,0
DA:135,0
DA:136,0
DA:137,0
DA:140,0
DA:141,0
DA:142,0
DA:145,0
DA:146,0
DA:147,0
DA:148,0
DA:149,0
DA:152,0
DA:153,0
DA:154,0
DA:155,0
DA:156,0
DA:157,0
DA:158,0
DA:159,0
DA:160,0
DA:164,0
DA:165,0
DA:166,0
DA:167,0
DA:168,0
DA:169,0
DA:170,0
DA:171,0
DA:173,0
DA:174,0
DA:175,0
DA:176,0
DA:177,0
DA:178,0
DA:179,0
DA:180,0
DA:184,0
DA:185,0
DA:186,0
DA:187,0
DA:188,0
DA:189,0
DA:192,0
DA:193,0
DA:194,0
DA:195,0
DA:196,0
DA:197,0
DA:199,0
DA:200,0
DA:205,0
DA:206,0
DA:207,0
DA:208,0
DA:209,0
DA:210,0
DA:214,0
DA:215,0
DA:216,0
DA:217,0
DA:218,0
DA:219,0
DA:220,0
DA:221,0
DA:226,0
LF:109
LH:0
end_of_record
SF:lib\core\routes\base_routes.dart
DA:4,0
DA:5,0
DA:6,0
DA:11,0
DA:12,0
DA:20,0
DA:21,0
DA:26,0
DA:27,0
LF:9
LH:0
end_of_record
SF:lib\features\auth\presentation\login\view\login_view.dart
DA:16,13
DA:18,0
DA:20,0
DA:21,0
DA:22,0
DA:24,0
DA:26,0
DA:28,0
DA:29,0
DA:30,0
DA:33,0
DA:35,0
DA:36,0
DA:37,0
DA:38,0
DA:45,0
DA:46,0
DA:47,0
DA:48,0
DA:49,0
DA:50,0
DA:51,0
DA:52,0
DA:54,0
DA:56,0
DA:57,0
DA:59,0
DA:60,0
DA:62,0
DA:63,0
DA:64,0
DA:65,0
DA:67,0
DA:68,0
DA:71,0
DA:72,0
DA:73,0
DA:80,0
DA:81,0
LF:39
LH:1
end_of_record
SF:lib\features\auth\presentation\register\view\gender\gender_view.dart
DA:20,0
DA:22,0
DA:24,0
DA:25,0
DA:26,0
DA:27,0
DA:30,0
DA:31,0
DA:32,0
DA:33,0
DA:34,0
DA:35,0
DA:36,0
DA:37,0
DA:38,0
DA:39,0
DA:40,0
DA:42,0
DA:43,0
DA:44,0
DA:45,0
DA:47,0
DA:49,0
DA:52,0
DA:53,0
DA:54,0
DA:55,0
DA:57,0
DA:58,0
DA:59,0
DA:60,0
DA:62,0
DA:64,0
DA:67,0
DA:68,0
DA:69,0
DA:70,0
DA:71,0
DA:73,0
DA:82,0
DA:83,0
DA:84,0
LF:42
LH:0
end_of_record
SF:lib\features\auth\presentation\register\view\sign_up_view.dart
DA:18,13
DA:20,0
DA:22,0
DA:23,0
DA:24,0
DA:26,0
DA:27,0
DA:29,0
DA:30,0
DA:31,0
DA:32,0
DA:35,0
DA:37,0
DA:38,0
DA:39,0
DA:40,0
DA:50,0
DA:52,0
DA:53,0
DA:54,0
DA:55,0
DA:56,0
DA:57,0
DA:58,0
DA:59,0
DA:60,0
DA:62,0
DA:63,0
DA:65,0
DA:66,0
DA:68,0
DA:69,0
DA:71,0
DA:73,0
DA:74,0
DA:76,0
DA:78,0
DA:79,0
DA:80,0
DA:82,0
DA:83,0
DA:86,0
DA:87,0
DA:95,0
LF:44
LH:1
end_of_record
SF:lib\features\auth\presentation\register\view_model\signup_view_model_state.dart
DA:13,0
DA:19,0
DA:31,0
DA:36,0
DA:41,0
LF:5
LH:0
end_of_record
SF:lib\features\auth\presentation\register\view_model\signup_view_model_cubit.dart
DA:19,3
DA:43,1
DA:45,1
DA:46,1
DA:48,0
DA:49,0
DA:51,0
DA:52,0
DA:54,0
DA:55,0
DA:57,0
DA:58,0
DA:60,0
DA:61,0
DA:63,0
DA:64,0
DA:66,0
DA:67,0
DA:69,0
DA:70,0
DA:76,1
DA:77,2
DA:78,2
DA:80,0
DA:81,0
DA:83,0
DA:84,0
DA:85,0
DA:91,1
DA:92,2
DA:93,3
DA:94,3
DA:95,3
DA:96,3
DA:97,3
DA:98,1
DA:99,1
DA:100,1
DA:101,1
DA:102,1
DA:103,1
DA:106,0
DA:107,0
DA:108,0
DA:109,0
DA:111,0
DA:112,0
DA:114,0
DA:115,0
DA:117,0
DA:118,0
DA:120,0
DA:121,0
DA:124,0
DA:128,0
DA:129,0
DA:130,0
DA:131,0
DA:133,0
DA:134,0
DA:136,0
DA:137,0
DA:139,0
DA:140,0
DA:142,0
DA:145,0
DA:151,0
DA:152,0
DA:153,0
DA:156,0
DA:157,0
DA:158,0
DA:161,0
DA:163,0
DA:165,0
DA:166,0
DA:167,0
DA:171,0
DA:172,0
DA:173,0
DA:174,0
DA:178,0
DA:179,0
DA:180,0
DA:181,0
DA:185,0
DA:186,0
DA:187,0
DA:188,0
LF:89
LH:20
end_of_record
SF:lib\features\exercises\presentation\view\exercise_view.dart
DA:12,0
DA:20,0
DA:22,0
DA:23,0
DA:24,0
DA:26,0
DA:27,0
DA:28,0
DA:29,0
DA:31,0
LF:10
LH:0
end_of_record
SF:lib\features\home\presentation\viewModel\home_view_model_state.dart
DA:14,0
DA:20,0
DA:31,0
DA:37,0
DA:47,0
DA:53,0
LF:6
LH:0
end_of_record
SF:lib\features\home\presentation\viewModel\home_view_model_cubit.dart
DA:29,0
DA:31,0
DA:38,0
DA:40,0
DA:41,0
DA:44,0
DA:45,0
DA:47,0
DA:48,0
DA:53,0
DA:54,0
DA:55,0
DA:57,0
DA:58,0
DA:59,0
DA:61,0
DA:63,0
DA:64,0
DA:69,0
DA:70,0
DA:71,0
DA:73,0
DA:74,0
DA:75,0
DA:77,0
DA:78,0
DA:83,0
DA:84,0
DA:85,0
DA:86,0
DA:88,0
DA:89,0
DA:90,0
DA:91,0
DA:92,0
DA:93,0
DA:94,0
DA:95,0
DA:96,0
LF:39
LH:0
end_of_record
SF:lib\features\home\presentation\views\home_layout.dart
DA:21,13
DA:23,0
DA:24,0
DA:60,0
DA:62,0
DA:64,0
DA:65,0
DA:67,0
DA:74,0
DA:75,0
DA:76,0
DA:77,0
DA:78,0
DA:79,0
DA:80,0
DA:84,0
DA:85,0
DA:86,0
DA:90,0
DA:91,0
DA:95,0
DA:97,0
DA:101,0
DA:103,0
DA:107,0
DA:109,0
DA:113,0
LF:27
LH:1
end_of_record
SF:lib\features\meals\presentation\view\meal_details_view.dart
DA:23,0
DA:25,0
DA:26,0
DA:32,0
DA:33,0
DA:34,0
DA:37,0
DA:39,0
DA:40,0
DA:41,0
DA:42,0
DA:43,0
DA:44,0
DA:46,0
DA:47,0
DA:48,0
DA:49,0
DA:50,0
DA:51,0
DA:52,0
DA:53,0
DA:54,0
DA:55,0
DA:59,0
DA:60,0
DA:62,0
DA:63,0
DA:64,0
DA:65,0
DA:66,0
DA:70,0
DA:71,0
DA:73,0
DA:77,0
DA:78,0
DA:80,0
DA:84,0
DA:88,0
DA:89,0
DA:90,0
DA:91,0
DA:92,0
DA:93,0
DA:95,0
DA:96,0
DA:97,0
DA:98,0
DA:99,0
DA:104,0
DA:105,0
DA:107,0
DA:111,0
DA:117,0
DA:118,0
DA:120,0
DA:121,0
DA:122,0
DA:123,0
DA:124,0
DA:128,0
DA:130,0
DA:131,0
DA:132,0
DA:133,0
DA:134,0
DA:135,0
DA:136,0
DA:138,0
DA:140,0
DA:141,0
DA:143,0
DA:147,0
DA:148,0
DA:149,0
DA:150,0
DA:151,0
DA:154,0
DA:156,0
DA:157,0
DA:176,0
DA:177,0
DA:178,0
DA:179,0
LF:83
LH:0
end_of_record
SF:lib\features\meals\presentation\view\meal_view.dart
DA:17,13
DA:19,0
DA:20,0
DA:24,0
DA:25,0
DA:29,0
DA:31,0
DA:32,0
DA:35,0
DA:39,0
DA:41,0
DA:42,0
DA:43,0
DA:44,0
DA:45,0
DA:46,0
DA:47,0
DA:48,0
DA:49,0
DA:50,0
DA:53,0
DA:54,0
DA:55,0
DA:56,0
DA:57,0
DA:58,0
DA:59,0
DA:67,0
DA:69,0
DA:70,0
DA:72,0
DA:73,0
DA:76,0
DA:77,0
DA:78,0
DA:79,0
DA:80,0
DA:81,0
DA:84,0
DA:85,0
DA:86,0
DA:90,0
DA:97,0
DA:100,0
DA:101,0
DA:103,0
DA:104,0
LF:47
LH:1
end_of_record
SF:lib\features\meals\presentation\viewModel\meals_actions.dart
DA:7,1
DA:12,1
LF:2
LH:2
end_of_record
SF:lib\features\meals\presentation\viewModel\meals_view_model_state.dart
DA:4,1
DA:9,0
DA:10,0
DA:16,1
DA:17,1
DA:22,1
DA:23,1
DA:24,2
DA:29,1
DA:30,1
DA:31,2
DA:37,1
DA:38,1
DA:43,1
DA:44,1
DA:45,2
DA:50,1
DA:51,1
DA:52,2
DA:58,1
DA:59,1
DA:64,1
DA:65,1
DA:66,2
DA:71,0
DA:72,0
DA:73,0
DA:79,1
DA:80,1
DA:85,1
DA:86,1
DA:87,2
DA:92,1
DA:93,1
DA:94,2
LF:35
LH:30
end_of_record
SF:lib\features\meals\presentation\viewModel\meals_view_model_cubit.dart
DA:23,1
DA:27,2
DA:39,1
DA:41,1
DA:42,1
DA:43,1
DA:44,2
DA:45,1
DA:46,2
DA:50,1
DA:51,2
DA:52,2
DA:54,1
DA:55,2
DA:56,3
DA:57,1
DA:58,2
DA:60,2
DA:64,1
DA:65,2
DA:66,2
DA:68,1
DA:69,2
DA:71,3
DA:72,1
DA:73,2
DA:74,2
DA:78,1
DA:79,2
DA:80,2
DA:82,1
DA:83,3
DA:84,4
DA:85,3
DA:86,1
DA:87,2
DA:88,2
DA:92,1
DA:93,2
DA:94,2
DA:96,1
DA:97,5
DA:98,3
DA:99,0
DA:100,0
DA:101,0
LF:46
LH:43
end_of_record
SF:lib\features\on_boarding\on_boarding_screen.dart
DA:15,0
DA:16,0
DA:23,0
DA:25,0
DA:26,0
DA:27,0
DA:28,0
DA:31,0
DA:32,0
DA:33,0
DA:36,0
DA:37,0
DA:38,0
DA:43,0
DA:44,0
DA:45,0
DA:47,0
DA:48,0
DA:49,0
DA:52,0
DA:60,0
DA:61,0
DA:63,0
DA:64,0
DA:65,0
DA:68,0
DA:69,0
DA:70,0
DA:71,0
DA:72,0
DA:73,0
DA:75,0
DA:79,0
DA:80,0
DA:83,0
DA:84,0
DA:85,0
DA:86,0
DA:88,0
DA:89,0
DA:90,0
DA:91,0
DA:95,0
DA:99,0
DA:101,0
DA:102,0
DA:103,0
DA:105,0
DA:106,0
DA:107,0
DA:110,0
DA:112,0
DA:113,0
DA:117,0
DA:122,0
DA:124,0
DA:125,0
DA:126,0
DA:128,0
DA:129,0
DA:130,0
DA:135,0
DA:136,0
DA:137,0
DA:138,0
DA:141,0
DA:143,0
DA:144,0
DA:145,0
DA:146,0
DA:148,0
DA:154,0
DA:155,0
DA:156,0
DA:157,0
DA:158,0
DA:159,0
LF:77
LH:0
end_of_record
SF:lib\features\profile\presentation\view\edit_data_view.dart
DA:18,0
DA:21,0
DA:23,0
DA:24,0
DA:25,0
DA:27,0
DA:29,0
DA:30,0
DA:31,0
DA:37,0
DA:44,0
DA:45,0
DA:46,0
DA:47,0
DA:50,0
DA:51,0
DA:54,0
DA:55,0
DA:56,0
DA:57,0
DA:58,0
DA:59,0
DA:60,0
DA:61,0
DA:65,0
DA:66,0
DA:67,0
DA:68,0
DA:69,0
DA:70,0
DA:71,0
DA:72,0
DA:78,0
DA:79,0
DA:84,0
DA:85,0
DA:87,0
DA:88,0
DA:89,0
DA:90,0
DA:91,0
DA:92,0
DA:93,0
DA:94,0
DA:95,0
DA:96,0
DA:97,0
DA:98,0
DA:99,0
DA:104,0
DA:107,0
DA:116,0
DA:117,0
DA:119,0
DA:120,0
LF:55
LH:0
end_of_record
SF:lib\features\profile\presentation\view\edit_profile_view.dart
DA:10,13
DA:11,0
DA:13,0
DA:14,0
DA:16,0
DA:17,0
DA:21,0
DA:23,0
DA:24,0
DA:25,0
DA:27,0
DA:28,0
LF:12
LH:1
end_of_record
SF:lib\features\profile\presentation\view\profile_view.dart
DA:13,26
DA:15,0
DA:17,0
DA:21,0
DA:23,0
DA:24,0
DA:25,0
DA:28,0
LF:8
LH:1
end_of_record
SF:lib\features\profile\presentation\view_model\profile_actions.dart
DA:10,0
DA:15,0
DA:19,0
LF:3
LH:0
end_of_record
SF:lib\features\profile\presentation\view_model\profile_view_model_state.dart
DA:13,0
DA:19,0
DA:29,0
DA:36,0
DA:44,0
DA:49,0
LF:6
LH:0
end_of_record
SF:lib\features\profile\presentation\view_model\profile_view_model_cubit.dart
DA:22,0
DA:48,0
DA:50,0
DA:51,0
DA:53,0
DA:54,0
DA:56,0
DA:57,0
DA:58,0
DA:61,0
DA:62,0
DA:63,0
DA:65,0
DA:66,0
DA:67,0
DA:68,0
DA:69,0
DA:70,0
DA:74,0
DA:75,0
DA:76,0
DA:78,0
DA:79,0
DA:80,0
DA:81,0
DA:82,0
DA:83,0
DA:86,0
DA:87,0
DA:88,0
DA:90,0
DA:91,0
DA:92,0
DA:93,0
DA:94,0
DA:95,0
LF:36
LH:0
end_of_record
SF:lib\features\profile\presentation\widgets\help_page.dart
DA:9,13
DA:11,0
DA:13,0
DA:14,0
DA:15,0
DA:16,0
DA:18,0
DA:19,0
DA:20,0
DA:22,0
DA:23,0
DA:24,0
DA:26,0
DA:27,0
DA:28,0
DA:32,0
LF:16
LH:1
end_of_record
SF:lib\features\profile\presentation\widgets\privcya_page.dart
DA:9,13
DA:11,0
DA:13,0
DA:14,0
DA:15,0
DA:16,0
DA:18,0
DA:19,0
DA:20,0
DA:22,0
DA:23,0
DA:24,0
DA:26,0
DA:27,0
DA:28,0
DA:32,0
LF:16
LH:1
end_of_record
SF:lib\features\profile\presentation\widgets\security_page.dart
DA:9,13
DA:11,0
DA:13,0
DA:14,0
DA:15,0
DA:16,0
DA:18,0
DA:19,0
DA:20,0
DA:22,0
DA:23,0
DA:24,0
DA:28,0
LF:13
LH:1
end_of_record
SF:lib\features\smart_coach_chat\presentation\viewModel\smart_chat_view_model.dart
DA:24,0
DA:28,0
DA:30,0
DA:31,0
DA:32,0
DA:34,0
DA:35,0
DA:36,0
DA:37,0
DA:40,0
DA:41,0
DA:42,0
DA:44,0
DA:45,0
DA:49,0
DA:50,0
DA:51,0
DA:53,0
DA:54,0
DA:55,0
DA:56,0
DA:59,0
DA:60,0
DA:61,0
DA:66,0
DA:67,0
DA:68,0
DA:69,0
DA:71,0
DA:72,0
DA:76,0
DA:77,0
DA:78,0
DA:79,0
DA:80,0
DA:83,0
DA:84,0
DA:85,0
DA:86,0
LF:39
LH:0
end_of_record
SF:lib\features\smart_coach_chat\presentation\views\smart_chat_view.dart
DA:20,13
DA:22,0
DA:23,0
DA:32,0
DA:34,0
DA:35,0
DA:36,0
DA:39,0
DA:41,0
DA:42,0
DA:43,0
DA:45,0
DA:48,0
DA:49,0
DA:50,0
DA:51,0
DA:52,0
DA:60,0
DA:62,0
DA:63,0
DA:65,0
DA:67,0
DA:68,0
DA:69,0
DA:71,0
DA:72,0
DA:73,0
DA:74,0
DA:75,0
DA:77,0
DA:78,0
DA:85,0
DA:86,0
DA:87,0
DA:88,0
DA:89,0
DA:90,0
DA:91,0
DA:92,0
DA:93,0
DA:94,0
DA:97,0
DA:107,0
DA:108,0
DA:109,0
DA:110,0
DA:111,0
DA:112,0
DA:114,0
DA:115,0
DA:117,0
DA:120,0
DA:121,0
DA:122,0
DA:123,0
DA:124,0
DA:125,0
DA:128,0
DA:129,0
DA:131,0
DA:132,0
DA:133,0
DA:134,0
DA:135,0
DA:136,0
DA:137,0
DA:138,0
LF:67
LH:1
end_of_record
SF:lib\features\workouts\presentation\view\workouts_view.dart
DA:17,0
DA:19,0
DA:20,0
DA:24,0
DA:26,0
DA:28,0
DA:29,0
DA:31,0
DA:33,0
DA:34,0
DA:35,0
DA:37,0
DA:38,0
DA:39,0
DA:40,0
DA:41,0
DA:44,0
DA:45,0
DA:46,0
DA:47,0
DA:49,0
DA:50,0
DA:51,0
DA:57,0
DA:59,0
DA:60,0
DA:62,0
DA:63,0
DA:66,0
DA:67,0
DA:68,0
DA:69,0
DA:70,0
DA:71,0
DA:72,0
DA:73,0
DA:76,0
DA:77,0
DA:78,0
DA:79,0
DA:80,0
DA:84,0
DA:91,0
DA:94,0
DA:95,0
DA:96,0
DA:97,0
LF:47
LH:0
end_of_record
SF:lib\features\auth\presentation\forget_password\views\create_password_view.dart
DA:19,13
DA:21,0
DA:22,0
DA:32,0
DA:34,0
DA:35,0
DA:36,0
DA:37,0
DA:40,0
DA:41,0
DA:42,0
DA:46,0
DA:48,0
DA:49,0
DA:50,0
DA:51,0
DA:52,0
DA:53,0
DA:54,0
DA:56,0
DA:58,0
DA:59,0
DA:60,0
DA:62,0
DA:63,0
DA:64,0
DA:66,0
DA:67,0
DA:68,0
DA:74,0
DA:75,0
DA:76,0
DA:77,0
DA:78,0
DA:79,0
DA:80,0
DA:81,0
DA:82,0
DA:83,0
DA:87,0
DA:88,0
DA:89,0
DA:90,0
DA:91,0
DA:94,0
DA:95,0
DA:96,0
DA:97,0
DA:98,0
DA:101,0
DA:106,0
DA:107,0
DA:108,0
DA:109,0
DA:110,0
DA:111,0
DA:112,0
DA:114,0
DA:125,0
DA:126,0
LF:60
LH:1
end_of_record
SF:lib\features\auth\presentation\forget_password\views\forget_password_view.dart
DA:21,13
DA:23,0
DA:24,0
DA:32,0
DA:34,0
DA:35,0
DA:36,0
DA:39,0
DA:41,0
DA:42,0
DA:45,0
DA:47,0
DA:48,0
DA:49,0
DA:50,0
DA:52,0
DA:53,0
DA:54,0
DA:55,0
DA:57,0
DA:59,0
DA:61,0
DA:62,0
DA:63,0
DA:65,0
DA:66,0
DA:67,0
DA:68,0
DA:69,0
DA:70,0
DA:73,0
DA:74,0
DA:75,0
DA:81,0
DA:82,0
DA:83,0
DA:84,0
DA:86,0
DA:87,0
DA:88,0
DA:89,0
DA:90,0
DA:93,0
DA:95,0
DA:97,0
DA:98,0
DA:99,0
DA:100,0
DA:101,0
DA:102,0
DA:103,0
DA:104,0
LF:52
LH:1
end_of_record
SF:lib\features\auth\presentation\forget_password\views\verify_otp_view.dart
DA:19,13
DA:21,0
DA:22,0
DA:29,0
DA:31,0
DA:32,0
DA:35,0
DA:38,0
DA:39,0
DA:40,0
DA:41,0
DA:42,0
DA:44,0
DA:46,0
DA:47,0
DA:48,0
DA:50,0
DA:51,0
DA:52,0
DA:53,0
DA:55,0
DA:56,0
DA:57,0
DA:63,0
DA:65,0
DA:66,0
DA:67,0
DA:68,0
DA:71,0
DA:72,0
DA:73,0
DA:74,0
DA:76,0
DA:77,0
DA:78,0
DA:79,0
DA:80,0
DA:82,0
DA:83,0
DA:84,0
DA:85,0
DA:86,0
DA:87,0
DA:90,0
DA:95,0
DA:96,0
LF:46
LH:1
end_of_record
SF:lib\features\auth\presentation\register\view\gender\health_data_view.dart
DA:18,0
DA:20,0
DA:22,0
DA:23,0
DA:24,0
DA:25,0
DA:27,0
DA:28,0
DA:29,0
DA:36,0
DA:42,0
DA:43,0
DA:44,0
DA:45,0
DA:48,0
DA:49,0
DA:52,0
DA:53,0
DA:54,0
DA:55,0
DA:58,0
DA:59,0
DA:62,0
DA:63,0
DA:64,0
DA:65,0
DA:68,0
DA:69,0
DA:72,0
DA:73,0
DA:74,0
DA:75,0
DA:76,0
DA:77,0
DA:78,0
DA:79,0
DA:83,0
DA:85,0
DA:86,0
DA:87,0
DA:88,0
DA:89,0
DA:90,0
DA:91,0
DA:97,0
DA:98,0
DA:99,0
DA:104,0
DA:106,0
DA:108,0
DA:109,0
DA:110,0
DA:111,0
DA:112,0
DA:113,0
DA:114,0
DA:115,0
DA:116,0
DA:117,0
DA:118,0
DA:125,0
DA:134,0
DA:135,0
DA:137,0
DA:138,0
LF:65
LH:0
end_of_record
SF:lib\features\auth\presentation\register\view\gender\height_view.dart
DA:14,0
DA:16,0
DA:18,0
DA:19,0
DA:20,0
DA:21,0
DA:22,0
DA:23,0
DA:26,0
DA:29,0
DA:30,0
DA:31,0
DA:33,0
DA:34,0
DA:36,0
LF:15
LH:0
end_of_record
SF:lib\features\auth\presentation\register\view\gender\old_view.dart
DA:15,0
DA:17,0
DA:19,0
DA:20,0
DA:21,0
DA:22,0
DA:23,0
DA:24,0
DA:27,0
DA:30,0
DA:31,0
DA:32,0
DA:34,0
DA:35,0
LF:14
LH:0
end_of_record
SF:lib\features\auth\presentation\register\view\gender\weight_view.dart
DA:16,0
DA:21,0
DA:22,0
DA:28,0
DA:30,0
DA:31,0
DA:33,0
DA:35,0
DA:38,0
DA:40,0
DA:41,0
DA:42,0
DA:43,0
DA:44,0
DA:45,0
DA:46,0
DA:47,0
DA:48,0
DA:51,0
DA:52,0
DA:56,0
DA:57,0
DA:58,0
DA:60,0
DA:64,0
DA:65,0
DA:66,0
DA:69,0
LF:28
LH:0
end_of_record
SF:lib\features\auth\presentation\register\view\goal_activity\activity_view.dart
DA:12,0
DA:15,0
DA:17,0
DA:20,0
DA:21,0
DA:22,0
DA:23,0
DA:24,0
DA:25,0
DA:27,0
DA:28,0
DA:29,0
DA:30,0
DA:31,0
DA:32,0
DA:33,0
DA:34,0
LF:17
LH:0
end_of_record
SF:lib\features\auth\presentation\register\view\goal_activity\goal_view.dart
DA:12,0
DA:16,0
DA:18,0
DA:21,0
DA:22,0
DA:23,0
DA:24,0
DA:25,0
DA:26,0
DA:28,0
DA:30,0
DA:31,0
DA:32,0
DA:33,0
DA:34,0
DA:35,0
DA:36,0
LF:17
LH:0
end_of_record
SF:lib\features\home\presentation\views\home_view.dart
DA:19,26
DA:21,0
DA:22,0
DA:28,0
DA:30,0
DA:31,0
DA:33,0
DA:34,0
DA:38,0
DA:39,0
DA:40,0
DA:43,0
DA:45,0
DA:52,0
LF:14
LH:1
end_of_record
SF:lib\core\utils\screens\under_build_screen.dart
DA:5,13
DA:7,0
DA:9,0
DA:11,0
LF:4
LH:1
end_of_record
SF:lib\core\services\gemini_helper.dart
DA:8,0
DA:10,0
LF:2
LH:0
end_of_record
SF:lib\core\services\isar_service.dart
DA:9,0
DA:11,0
DA:12,0
LF:3
LH:0
end_of_record
SF:lib\features\smart_coach_chat\data\models\offline\message_isar.dart
DA:13,0
DA:23,0
LF:2
LH:0
end_of_record
SF:lib\core\styles\fonts\my_fonts.dart
DA:7,0
DA:11,0
DA:15,0
DA:20,0
DA:25,0
DA:29,0
DA:34,0
DA:37,0
DA:41,0
DA:45,0
DA:50,0
DA:54,0
DA:59,0
DA:63,0
DA:68,0
DA:73,0
DA:78,0
DA:83,0
DA:87,0
DA:91,0
DA:97,0
DA:102,0
DA:105,0
DA:110,0
DA:115,0
DA:119,0
DA:123,0
DA:127,0
DA:132,0
DA:136,0
DA:140,0
LF:31
LH:0
end_of_record
SF:lib\core\styles\theme\app_color_theme.dart
DA:6,13
DA:36,0
DA:53,0
DA:54,0
DA:55,0
DA:56,0
DA:57,0
DA:58,0
DA:59,0
DA:60,0
DA:61,0
DA:62,0
DA:63,0
DA:64,0
DA:65,0
DA:66,0
DA:70,0
DA:75,0
DA:78,0
DA:79,0
DA:80,0
DA:81,0
DA:82,0
DA:83,0
DA:84,0
DA:85,0
DA:86,0
DA:87,0
DA:88,0
DA:89,0
DA:90,0
DA:91,0
LF:32
LH:1
end_of_record
SF:lib\core\utils\extension\my_context.dart
DA:7,0
DA:8,0
DA:9,0
DA:10,0
DA:11,0
DA:12,0
DA:13,0
DA:15,0
DA:16,0
DA:17,0
DA:18,0
LF:11
LH:0
end_of_record
SF:lib\core\utils\extension\navigation.dart
DA:4,0
DA:5,0
DA:8,0
DA:9,0
DA:10,0
DA:13,0
DA:15,0
DA:16,0
DA:19,0
LF:9
LH:0
end_of_record
SF:lib\generated\assets.dart
DA:3,0
LF:1
LH:0
end_of_record
SF:lib\core\utils\validators.dart
DA:6,0
DA:7,0
DA:8,0
DA:13,0
DA:14,0
DA:15,0
DA:18,0
DA:21,0
DA:22,0
DA:27,0
DA:28,0
DA:29,0
DA:32,0
DA:35,0
DA:36,0
DA:42,0
DA:44,0
DA:45,0
DA:47,0
DA:48,0
DA:51,0
DA:52,0
DA:58,0
DA:59,0
DA:60,0
DA:63,0
DA:67,0
DA:68,0
DA:74,0
DA:75,0
DA:78,0
DA:79,0
DA:82,0
DA:83,0
DA:86,0
DA:87,0
DA:90,0
DA:91,0
DA:94,0
DA:95,0
LF:40
LH:0
end_of_record
SF:lib\core\utils\widgets\base\app_loader.dart
DA:11,169
DA:13,0
DA:14,0
DA:20,0
DA:22,0
DA:23,0
DA:26,0
DA:29,0
DA:31,0
DA:32,0
DA:35,0
DA:37,0
DA:38,0
DA:39,0
DA:40,0
DA:43,0
DA:44,0
DA:46,0
DA:49,0
DA:53,0
DA:54,0
DA:55,0
DA:57,0
DA:59,0
DA:60,0
DA:62,0
DA:63,0
DA:64,0
LF:28
LH:1
end_of_record
SF:lib\core\utils\widgets\base\base_view.dart
DA:10,0
DA:35,0
DA:37,0
DA:39,0
DA:40,0
DA:41,0
DA:42,0
DA:43,0
DA:44,0
DA:45,0
DA:47,0
DA:49,0
DA:50,0
DA:55,0
DA:56,0
DA:57,0
DA:58,0
DA:59,0
DA:60,0
DA:61,0
DA:62,0
DA:63,0
DA:64,0
DA:65,0
DA:66,0
DA:67,0
DA:76,0
DA:78,0
DA:79,0
DA:80,0
DA:82,0
DA:83,0
DA:84,0
DA:85,0
DA:86,0
DA:88,0
DA:89,0
DA:90,0
DA:95,0
DA:96,0
DA:98,0
DA:102,0
DA:103,0
LF:43
LH:0
end_of_record
SF:lib\core\utils\widgets\base\custom_glassy_container.dart
DA:5,0
DA:24,0
DA:26,0
DA:27,0
DA:28,0
DA:29,0
DA:30,0
DA:31,0
DA:33,0
DA:34,0
LF:10
LH:0
end_of_record
SF:lib\core\utils\widgets\base\snack_bar.dart
DA:5,0
DA:11,0
DA:16,0
DA:17,0
DA:18,0
DA:22,0
DA:26,0
DA:27,0
DA:28,0
DA:31,0
DA:36,0
DA:41,0
DA:46,0
DA:53,0
DA:54,0
DA:55,0
DA:58,0
DA:60,0
DA:61,0
DA:62,0
DA:64,0
DA:66,0
DA:67,0
DA:69,0
LF:24
LH:0
end_of_record
SF:lib\core\utils\widgets\buttons\custom_button.dart
DA:7,0
DA:22,0
DA:24,0
DA:25,0
DA:26,0
DA:28,0
DA:29,0
DA:30,0
DA:31,0
DA:32,0
DA:33,0
DA:34,0
DA:35,0
DA:36,0
DA:37,0
DA:38,0
DA:39,0
LF:17
LH:0
end_of_record
SF:lib\core\utils\widgets\custom_text_form_feild.dart
DA:6,0
DA:24,0
DA:26,0
DA:27,0
DA:28,0
DA:29,0
DA:31,0
DA:32,0
DA:34,0
DA:35,0
DA:37,0
DA:38,0
DA:40,0
DA:41,0
DA:42,0
DA:43,0
DA:46,0
DA:47,0
DA:50,0
DA:51,0
DA:54,0
DA:55,0
DA:59,0
LF:23
LH:0
end_of_record
SF:lib\core\utils\widgets\custom_text_form_field.dart
DA:8,0
DA:27,0
DA:29,0
DA:30,0
DA:31,0
DA:32,0
DA:33,0
DA:35,0
DA:36,0
DA:37,0
DA:39,0
DA:40,0
DA:41,0
DA:42,0
DA:44,0
DA:45,0
DA:46,0
DA:47,0
DA:48,0
DA:49,0
DA:51,0
DA:52,0
DA:54,0
DA:55,0
DA:56,0
DA:57,0
DA:58,0
DA:59,0
DA:60,0
DA:66,0
DA:67,0
DA:68,0
DA:71,0
DA:72,0
DA:73,0
DA:74,0
DA:75,0
DA:76,0
DA:77,0
DA:79,0
DA:80,0
DA:84,0
DA:85,0
DA:86,0
DA:87,0
DA:88,0
DA:90,0
DA:91,0
DA:92,0
DA:94,0
DA:95,0
DA:96,0
DA:98,0
DA:99,0
DA:100,0
LF:55
LH:0
end_of_record
SF:lib\core\utils\widgets\custom_toast.dart
DA:7,0
DA:13,0
DA:24,0
DA:25,0
DA:28,0
DA:29,0
DA:37,0
DA:38,0
DA:46,0
DA:47,0
LF:10
LH:0
end_of_record
SF:lib\core\utils\widgets\pinned_header_widget.dart
DA:8,0
DA:10,0
DA:11,0
DA:13,0
DA:14,0
DA:16,0
DA:19,0
DA:20,0
DA:21,0
DA:25,0
LF:10
LH:0
end_of_record
SF:lib\core\utils\widgets\pinned_sliver_widget.dart
DA:8,0
DA:9,0
DA:11,0
DA:13,0
DA:16,0
DA:17,0
DA:18,0
LF:7
LH:0
end_of_record
SF:lib\core\utils\widgets\spacing.dart
DA:4,0
DA:5,0
DA:8,0
DA:9,0
LF:4
LH:0
end_of_record
SF:lib\core\utils\widgets\tab_bar_widget.dart
DA:5,0
DA:11,0
DA:18,0
DA:19,0
DA:20,0
DA:21,0
DA:22,0
DA:24,0
DA:25,0
DA:26,0
LF:10
LH:0
end_of_record
SF:lib\core\utils\widgets\youtube_player_widget.dart
DA:6,0
DA:15,0
DA:17,0
DA:18,0
DA:20,0
DA:21,0
DA:22,0
DA:23,0
DA:24,0
DA:25,0
DA:27,0
DA:28,0
LF:12
LH:0
end_of_record
SF:lib\features\auth\data\data_sources\impl\auth_offline_data_source_impl.dart
DA:8,0
DA:11,0
DA:13,0
DA:14,0
DA:17,0
DA:19,0
DA:20,0
DA:23,0
DA:25,0
LF:9
LH:0
end_of_record
SF:lib\features\auth\domain\use_cases\forget_password_use_case.dart
DA:15,0
DA:17,0
DA:19,0
DA:21,0
DA:22,0
DA:24,0
DA:26,0
LF:7
LH:0
end_of_record
SF:lib\features\auth\presentation\forget_password\viewModel\forget_password_view_model_state.dart
DA:17,0
DA:23,0
DA:37,0
DA:49,0
DA:55,0
LF:5
LH:0
end_of_record
SF:lib\features\auth\presentation\forget_password\viewModel\forget_password_view_model_cubit.dart
DA:26,0
DA:27,0
DA:29,0
DA:31,0
DA:32,0
DA:34,0
DA:35,0
DA:37,0
DA:38,0
DA:43,0
DA:44,0
DA:45,0
DA:47,0
DA:48,0
DA:50,0
DA:51,0
DA:52,0
DA:57,0
DA:58,0
DA:59,0
DA:61,0
DA:62,0
DA:64,0
DA:65,0
DA:70,0
DA:71,0
DA:72,0
DA:74,0
DA:75,0
DA:76,0
DA:78,0
DA:79,0
LF:32
LH:0
end_of_record
SF:lib\features\exercises\data\data_sources\impl\exercise_data_source_impl.dart
DA:15,0
DA:17,0
DA:19,0
DA:20,0
DA:21,0
DA:25,0
DA:28,0
DA:29,0
DA:30,0
DA:31,0
LF:10
LH:0
end_of_record
SF:lib\features\exercises\data\repositories\exercise_repo_impl.dart
DA:13,0
DA:15,0
DA:17,0
DA:20,0
DA:23,0
LF:5
LH:0
end_of_record
SF:lib\features\exercises\domain\use_case\exercise_use_case.dart
DA:11,0
DA:13,0
DA:14,0
LF:3
LH:0
end_of_record
SF:lib\features\exercises\domain\use_case\levels_prime_muscle_use_case.dart
DA:10,0
DA:12,0
DA:14,0
LF:3
LH:0
end_of_record
SF:lib\features\exercises\presentation\viewModel\exercise_view_model_state.dart
DA:13,0
DA:19,0
DA:24,0
DA:29,0
LF:4
LH:0
end_of_record
SF:lib\features\exercises\presentation\viewModel\exercise_view_model_cubit.dart
DA:18,0
DA:19,0
DA:24,0
DA:26,0
DA:27,0
DA:30,0
DA:31,0
DA:36,0
DA:37,0
DA:39,0
DA:42,0
DA:43,0
DA:45,0
DA:46,0
DA:47,0
DA:52,0
DA:53,0
DA:54,0
DA:57,0
DA:58,0
DA:60,0
DA:61,0
DA:62,0
LF:23
LH:0
end_of_record
SF:lib\features\home\data\data_sources\online\impl\home_online_data_source_impl.dart
DA:16,0
DA:19,0
DA:22,0
DA:23,0
DA:24,0
DA:28,0
DA:30,0
DA:31,0
DA:32,0
DA:36,0
DA:39,0
DA:40,0
DA:41,0
LF:13
LH:0
end_of_record
SF:lib\features\home\data\repositories\home_repo_impl.dart
DA:14,0
DA:17,0
DA:20,0
DA:23,0
DA:26,0
DA:29,0
DA:32,0
LF:7
LH:0
end_of_record
SF:lib\features\home\domain\use_cases\all_difficult_levels_use_case.dart
DA:11,0
DA:13,0
DA:15,0
DA:16,0
DA:17,0
DA:18,0
DA:19,0
LF:7
LH:0
end_of_record
SF:lib\features\home\domain\use_cases\popular_training_use_case.dart
DA:19,0
DA:21,0
DA:22,0
DA:24,0
DA:25,0
DA:27,0
DA:28,0
DA:29,0
DA:30,0
DA:33,0
DA:34,0
DA:36,0
DA:37,0
DA:38,0
DA:39,0
DA:40,0
DA:41,0
DA:43,0
DA:44,0
DA:45,0
DA:46,0
DA:47,0
DA:48,0
DA:49,0
DA:53,0
DA:54,0
DA:56,0
DA:57,0
DA:59,0
DA:60,0
DA:61,0
DA:62,0
LF:32
LH:0
end_of_record
SF:lib\features\home\domain\use_cases\random_execrcises_use_case.dart
DA:11,0
DA:13,0
DA:14,0
LF:3
LH:0
end_of_record
SF:lib\features\home\domain\use_cases\random_muscles_use_case.dart
DA:11,0
DA:13,0
DA:14,0
LF:3
LH:0
end_of_record
SF:lib\features\meals\data\data_sources\impl\meals_data_source_impl.dart
DA:15,1
DA:17,1
DA:19,2
DA:21,1
DA:22,2
DA:25,1
DA:28,2
DA:29,1
DA:30,2
DA:34,1
DA:36,2
DA:37,1
DA:38,2
LF:13
LH:13
end_of_record
SF:lib\features\meals\data\repositories\meals_repository_impl.dart
DA:14,1
DA:16,1
DA:18,2
DA:21,1
DA:23,2
DA:26,1
DA:28,2
LF:7
LH:7
end_of_record
SF:lib\features\meals\domain\use_cases\get_meal_by_id_case.dart
DA:8,1
DA:10,1
DA:11,2
LF:3
LH:3
end_of_record
SF:lib\features\meals\domain\use_cases\get_meals_by_category_case.dart
DA:10,1
DA:12,1
DA:13,2
LF:3
LH:3
end_of_record
SF:lib\features\meals\domain\use_cases\get_meals_categories_case.dart
DA:9,1
DA:11,1
DA:12,2
LF:3
LH:3
end_of_record
SF:lib\features\profile\data\data_sources\impl\profile_online_data_source_impl.dart
DA:16,0
DA:17,0
DA:20,0
DA:21,0
DA:22,0
DA:25,0
DA:27,0
DA:28,0
DA:29,0
DA:34,0
DA:36,0
DA:37,0
DA:38,0
LF:13
LH:0
end_of_record
SF:lib\features\profile\data\repositories\profile_repo_impl.dart
DA:15,0
DA:17,0
DA:20,0
DA:22,0
DA:24,0
DA:26,0
DA:28,0
LF:7
LH:0
end_of_record
SF:lib\features\profile\domain\use_cases\edit_profile_use_case.dart
DA:10,0
DA:13,0
DA:15,0
LF:3
LH:0
end_of_record
SF:lib\features\profile\domain\use_cases\profile_use_case.dart
DA:11,0
DA:13,0
DA:14,0
DA:17,0
DA:19,0
LF:5
LH:0
end_of_record
SF:lib\features\profile\domain\use_cases\upload_photo_use_case.dart
DA:11,0
DA:13,0
DA:14,0
LF:3
LH:0
end_of_record
SF:lib\features\smart_coach_chat\data\data_sources\offline_data_source\impl\offline_data_source_impl.dart
DA:11,0
DA:13,0
DA:15,0
DA:19,0
DA:21,0
DA:24,0
DA:26,0
DA:29,0
DA:31,0
DA:32,0
LF:10
LH:0
end_of_record
SF:lib\features\smart_coach_chat\data\data_sources\online_data_source\impl\smart_chat_data_source_impl.dart
DA:16,0
DA:18,0
DA:22,0
DA:24,0
DA:25,0
DA:29,0
DA:32,0
DA:34,0
DA:35,0
DA:36,0
DA:40,0
DA:42,0
DA:44,0
DA:47,0
DA:48,0
DA:49,0
DA:55,0
DA:58,0
DA:62,0
DA:64,0
DA:65,0
DA:71,0
LF:22
LH:0
end_of_record
SF:lib\features\smart_coach_chat\data\repositories\offline\offline_repo_impl.dart
DA:11,0
DA:14,0
DA:16,0
DA:19,0
DA:21,0
DA:24,0
DA:26,0
DA:29,0
DA:31,0
LF:9
LH:0
end_of_record
SF:lib\features\smart_coach_chat\data\repositories\smart_chat_repo_impl.dart
DA:14,0
DA:16,0
DA:19,0
LF:3
LH:0
end_of_record
SF:lib\features\smart_coach_chat\domain\use_cases\fetch_smart_chat_case.dart
DA:12,0
DA:14,0
DA:16,0
LF:3
LH:0
end_of_record
SF:lib\features\smart_coach_chat\domain\use_cases\offline\local_storage_use_case.dart
DA:10,0
DA:12,0
DA:13,0
DA:14,0
DA:15,0
DA:16,0
DA:20,0
DA:22,0
DA:23,0
DA:26,0
DA:27,0
LF:11
LH:0
end_of_record
SF:lib\features\workouts\data\data_sources\online_data_sources\impl\get_all_workouts_online_data_source_impl.dart
DA:15,1
DA:17,1
DA:19,2
DA:20,2
DA:21,1
DA:25,1
DA:27,2
DA:28,2
DA:29,1
DA:33,0
DA:35,0
DA:36,0
DA:37,0
LF:13
LH:9
end_of_record
SF:lib\features\workouts\data\repositories\workouts_repo_impl.dart
DA:13,1
DA:15,1
DA:17,2
DA:20,1
DA:22,2
DA:25,0
DA:27,0
LF:7
LH:5
end_of_record
SF:lib\features\workouts\domain\use_cases\get_workout_by_id.dart
DA:11,1
DA:13,1
DA:14,2
DA:17,0
DA:18,0
LF:5
LH:3
end_of_record
SF:lib\features\workouts\domain\use_cases\workouts_use_case.dart
DA:10,1
DA:12,1
DA:13,2
LF:3
LH:3
end_of_record
SF:lib\features\workouts\presentation\view_model\workouts_view_model.dart
DA:19,1
DA:22,2
DA:28,1
DA:30,1
DA:31,1
DA:33,1
DA:34,2
DA:36,0
DA:37,0
DA:41,1
DA:42,2
DA:43,2
DA:45,1
DA:47,3
DA:48,3
DA:49,1
DA:50,2
DA:51,2
DA:55,1
DA:56,2
DA:57,2
DA:59,1
DA:60,3
DA:61,3
DA:62,1
DA:63,2
DA:64,2
DA:68,0
DA:69,0
DA:70,0
DA:72,0
DA:73,0
DA:74,0
DA:75,0
DA:76,0
DA:77,0
LF:36
LH:25
end_of_record
SF:lib\di\di.dart
DA:5,0
DA:7,0
DA:12,0
LF:3
LH:0
end_of_record
SF:lib\features\auth\presentation\forget_password\viewModel\forget_password_actions.dart
DA:11,0
DA:17,0
DA:23,0
LF:3
LH:0
end_of_record
SF:lib\features\auth\presentation\forget_password\widgets\custom_blur_bg.dart
DA:14,0
DA:36,0
DA:38,0
DA:39,0
DA:40,0
DA:41,0
DA:42,0
DA:46,0
DA:47,0
DA:48,0
DA:49,0
DA:50,0
DA:54,0
DA:56,0
DA:57,0
DA:58,0
DA:60,0
DA:61,0
DA:62,0
DA:63,0
DA:64,0
DA:66,0
DA:67,0
DA:68,0
DA:69,0
DA:70,0
DA:71,0
DA:73,0
DA:74,0
DA:75,0
DA:80,0
DA:81,0
DA:82,0
DA:83,0
DA:84,0
DA:87,0
DA:89,0
DA:90,0
DA:97,0
DA:98,0
DA:99,0
DA:100,0
DA:102,0
DA:104,0
DA:105,0
DA:106,0
DA:107,0
DA:109,0
DA:113,0
DA:115,0
DA:116,0
DA:118,0
DA:119,0
DA:123,0
DA:124,0
DA:125,0
DA:126,0
DA:127,0
DA:128,0
DA:130,0
DA:131,0
DA:132,0
DA:133,0
DA:136,0
LF:64
LH:0
end_of_record
SF:lib\features\auth\presentation\forget_password\widgets\custom_otp_text_field.dart
DA:7,0
DA:11,0
DA:13,0
DA:15,0
DA:16,0
DA:18,0
DA:19,0
LF:7
LH:0
end_of_record
SF:lib\features\auth\presentation\forget_password\widgets\custom_confirm_button.dart
DA:12,0
DA:18,0
DA:20,0
DA:22,0
DA:23,0
DA:24,0
DA:25,0
DA:26,0
DA:27,0
DA:28,0
DA:29,0
LF:11
LH:0
end_of_record
SF:lib\features\auth\presentation\login\widgets\login_blur.dart
DA:8,0
DA:15,0
DA:17,0
DA:18,0
DA:19,0
DA:20,0
DA:21,0
DA:22,0
DA:23,0
DA:24,0
DA:26,0
DA:28,0
DA:29,0
DA:30,0
DA:31,0
DA:32,0
DA:35,0
DA:36,0
LF:18
LH:0
end_of_record
SF:lib\features\auth\presentation\widgets\custom_blur_bg.dart
DA:9,0
DA:18,0
DA:20,0
DA:21,0
DA:23,0
DA:24,0
DA:30,0
DA:31,0
DA:32,0
DA:33,0
DA:34,0
DA:39,0
DA:41,0
DA:42,0
DA:43,0
DA:45,0
DA:46,0
DA:51,0
DA:52,0
DA:53,0
DA:54,0
DA:55,0
DA:56,0
DA:58,0
DA:59,0
DA:60,0
DA:61,0
DA:62,0
DA:63,0
DA:65,0
DA:66,0
DA:67,0
DA:68,0
DA:71,0
LF:34
LH:0
end_of_record
SF:lib\features\auth\presentation\login\widgets\login_data.dart
DA:14,0
DA:15,0
DA:17,0
DA:18,0
DA:19,0
DA:21,0
DA:22,0
DA:23,0
DA:25,0
DA:26,0
DA:27,0
DA:28,0
DA:30,0
DA:34,0
DA:35,0
DA:37,0
DA:38,0
DA:39,0
DA:40,0
DA:42,0
DA:43,0
DA:44,0
DA:47,0
DA:48,0
DA:49,0
DA:50,0
DA:52,0
DA:53,0
DA:54,0
LF:29
LH:0
end_of_record
SF:lib\features\auth\presentation\widgets\custom_text_span.dart
DA:12,0
DA:21,0
DA:23,0
DA:25,0
DA:26,0
DA:27,0
DA:28,0
DA:29,0
DA:30,0
DA:31,0
DA:32,0
DA:33,0
DA:34,0
DA:35,0
DA:36,0
DA:37,0
DA:38,0
DA:40,0
LF:18
LH:0
end_of_record
SF:lib\features\auth\presentation\widgets\social_design.dart
DA:10,0
DA:11,0
DA:12,0
DA:13,0
DA:14,0
DA:15,0
DA:17,0
DA:18,0
DA:19,0
DA:20,0
DA:21,0
DA:22,0
DA:23,0
DA:25,0
DA:29,0
DA:30,0
DA:32,0
DA:33,0
DA:34,0
DA:35,0
DA:37,0
DA:39,0
DA:40,0
DA:43,0
DA:44,0
DA:46,0
DA:47,0
DA:49,0
DA:50,0
DA:52,0
DA:53,0
LF:31
LH:0
end_of_record
SF:lib\features\auth\presentation\register\view_model\signup_action.dart
DA:9,0
DA:15,0
DA:21,0
DA:27,0
DA:33,0
DA:40,0
LF:6
LH:0
end_of_record
SF:lib\features\auth\presentation\register\widgets\gender\health_data_widget.dart
DA:18,0
DA:22,0
DA:24,0
DA:25,0
DA:26,0
DA:27,0
DA:28,0
DA:29,0
DA:30,0
DA:31,0
DA:32,0
DA:33,0
DA:34,0
DA:35,0
DA:36,0
DA:37,0
DA:39,0
DA:40,0
DA:41,0
DA:42,0
DA:43,0
DA:44,0
DA:46,0
DA:47,0
DA:48,0
DA:49,0
DA:50,0
DA:51,0
DA:58,0
DA:60,0
LF:30
LH:0
end_of_record
SF:lib\features\auth\presentation\register\widgets\goal_activity\custom_goal_view.dart
DA:10,0
DA:29,0
DA:31,0
DA:32,0
DA:33,0
DA:34,0
DA:35,0
DA:36,0
DA:37,0
DA:38,0
DA:39,0
DA:40,0
DA:41,0
DA:42,0
DA:43,0
DA:45,0
DA:47,0
DA:49,0
DA:54,0
DA:55,0
LF:20
LH:0
end_of_record
SF:lib\features\auth\presentation\register\widgets\sign_up_blur.dart
DA:14,0
DA:23,0
DA:25,0
DA:26,0
DA:27,0
DA:28,0
DA:29,0
DA:30,0
DA:31,0
DA:32,0
DA:33,0
DA:34,0
DA:35,0
DA:37,0
DA:39,0
DA:40,0
DA:41,0
DA:42,0
DA:43,0
DA:46,0
DA:47,0
DA:48,0
DA:49,0
DA:50,0
DA:51,0
DA:52,0
DA:56,0
DA:57,0
DA:58,0
DA:59,0
DA:61,0
DA:62,0
DA:63,0
LF:33
LH:0
end_of_record
SF:lib\features\auth\presentation\register\widgets\gender\horizontal_picker.dart
DA:13,0
DA:19,0
DA:21,0
DA:22,0
DA:29,0
DA:31,0
DA:32,0
DA:33,0
DA:34,0
DA:37,0
DA:39,0
DA:40,0
DA:41,0
DA:42,0
DA:44,0
DA:45,0
DA:46,0
DA:47,0
DA:49,0
DA:51,0
DA:52,0
DA:53,0
DA:54,0
DA:55,0
DA:57,0
DA:58,0
DA:60,0
DA:61,0
LF:28
LH:0
end_of_record
SF:lib\features\auth\presentation\register\widgets\goal_activity\custom_radio_container.dart
DA:10,0
DA:21,0
DA:22,0
DA:28,0
DA:30,0
DA:33,0
DA:35,0
DA:36,0
DA:37,0
DA:38,0
DA:39,0
DA:40,0
DA:42,0
DA:44,0
DA:45,0
DA:47,0
DA:48,0
DA:49,0
DA:50,0
DA:51,0
DA:53,0
DA:54,0
DA:55,0
DA:56,0
DA:57,0
DA:59,0
DA:65,0
DA:66,0
DA:67,0
DA:68,0
DA:69,0
DA:71,0
DA:73,0
DA:74,0
DA:76,0
DA:77,0
DA:78,0
DA:79,0
DA:80,0
DA:82,0
DA:83,0
DA:84,0
DA:85,0
DA:86,0
DA:88,0
DA:93,0
DA:94,0
DA:95,0
DA:96,0
LF:49
LH:0
end_of_record
SF:lib\features\exercises\domain\entities\exercises_entity.dart
DA:8,0
DA:53,0
LF:2
LH:0
end_of_record
SF:lib\features\exercises\domain\entities\levels_prime_over_muscle_entity.dart
DA:6,0
DA:17,0
LF:2
LH:0
end_of_record
SF:lib\features\exercises\data\exercise_mappers.dart
DA:8,0
DA:9,0
DA:10,0
DA:11,0
DA:12,0
DA:13,0
DA:14,0
DA:18,0
DA:19,0
DA:20,0
DA:21,0
DA:22,0
DA:23,0
DA:24,0
DA:28,0
DA:29,0
DA:30,0
DA:31,0
DA:32,0
DA:33,0
DA:34,0
DA:35,0
DA:36,0
DA:37,0
DA:38,0
DA:39,0
DA:40,0
DA:41,0
DA:42,0
DA:43,0
DA:44,0
DA:45,0
DA:46,0
DA:47,0
DA:48,0
DA:49,0
DA:50,0
DA:51,0
DA:52,0
DA:53,0
DA:54,0
DA:55,0
DA:56,0
DA:57,0
DA:58,0
DA:59,0
DA:60,0
DA:61,0
DA:62,0
DA:63,0
DA:67,0
DA:68,0
DA:69,0
DA:70,0
DA:71,0
DA:72,0
DA:73,0
DA:74,0
DA:75,0
DA:76,0
DA:77,0
DA:78,0
DA:79,0
DA:80,0
DA:81,0
DA:82,0
DA:83,0
DA:84,0
DA:85,0
DA:86,0
DA:87,0
DA:88,0
DA:89,0
DA:90,0
DA:91,0
DA:92,0
DA:93,0
DA:94,0
DA:95,0
DA:96,0
DA:97,0
DA:98,0
DA:99,0
DA:100,0
DA:101,0
DA:102,0
DA:106,0
DA:107,0
DA:108,0
DA:109,0
DA:111,0
DA:115,0
DA:116,0
DA:117,0
DA:118,0
DA:122,0
DA:124,0
DA:125,0
DA:126,0
DA:128,0
DA:132,0
DA:133,0
DA:134,0
DA:135,0
LF:104
LH:0
end_of_record
SF:lib\features\exercises\presentation\widget\exercise_details.dart
DA:16,0
DA:20,0
DA:22,0
DA:24,0
DA:25,0
DA:26,0
DA:27,0
DA:28,0
DA:29,0
DA:32,0
DA:34,0
DA:35,0
DA:36,0
DA:39,0
DA:40,0
DA:41,0
DA:42,0
DA:47,0
DA:53,0
DA:54,0
DA:55,0
DA:56,0
DA:57,0
DA:58,0
DA:61,0
DA:62,0
DA:64,0
DA:65,0
DA:66,0
DA:67,0
DA:68,0
DA:70,0
DA:71,0
DA:75,0
DA:76,0
DA:77,0
DA:78,0
DA:79,0
DA:81,0
DA:82,0
DA:84,0
DA:85,0
DA:86,0
DA:88,0
DA:89,0
DA:90,0
DA:91,0
LF:47
LH:0
end_of_record
SF:lib\features\exercises\presentation\widget\exercise_selector.dart
DA:14,0
DA:15,0
DA:17,0
DA:18,0
DA:25,0
DA:27,0
DA:28,0
DA:29,0
DA:30,0
DA:34,0
DA:36,0
DA:37,0
DA:38,0
DA:39,0
DA:40,0
DA:41,0
DA:42,0
DA:43,0
DA:44,0
DA:45,0
DA:47,0
DA:48,0
DA:49,0
DA:55,0
DA:56,0
LF:25
LH:0
end_of_record
SF:lib\features\exercises\presentation\viewModel\exercise_action.dart
DA:5,0
DA:9,0
LF:2
LH:0
end_of_record
SF:lib\features\exercises\presentation\widget\border_container_widget.dart
DA:6,0
DA:11,0
DA:13,0
DA:15,0
DA:16,0
DA:17,0
DA:20,0
DA:22,0
DA:23,0
DA:24,0
LF:10
LH:0
end_of_record
SF:lib\features\exercises\presentation\widget\build_item_exercise_selector.dart
DA:11,0
DA:15,0
DA:17,0
DA:19,0
DA:21,0
DA:22,0
DA:23,0
DA:24,0
DA:25,0
DA:27,0
DA:28,0
DA:29,0
DA:30,0
DA:31,0
DA:36,0
DA:37,0
DA:38,0
DA:39,0
DA:40,0
DA:45,0
DA:46,0
DA:47,0
DA:48,0
DA:56,0
DA:57,0
LF:25
LH:0
end_of_record
SF:lib\features\exercises\presentation\widget\video_selector_widget.dart
DA:9,0
DA:13,0
DA:15,0
DA:16,0
DA:17,0
DA:22,0
DA:23,0
DA:26,0
DA:28,0
DA:29,0
DA:32,0
DA:34,0
DA:35,0
DA:37,0
DA:39,0
DA:40,0
DA:41,0
DA:42,0
LF:18
LH:0
end_of_record
SF:lib\features\exercises\presentation\widget\image_exercise_selector.dart
DA:8,0
DA:12,0
DA:14,0
DA:15,0
DA:17,0
DA:20,0
DA:21,0
DA:22,0
DA:29,0
DA:30,0
DA:31,0
LF:11
LH:0
end_of_record
SF:lib\features\exercises\presentation\widget\cached_network_widget.dart
DA:9,0
DA:16,0
DA:18,0
DA:19,0
DA:20,0
DA:21,0
DA:22,0
DA:23,0
DA:27,0
DA:29,0
DA:30,0
LF:11
LH:0
end_of_record
SF:lib\features\exercises\presentation\widget\container_exercise_selector_widget.dart
DA:6,0
DA:10,0
DA:12,0
DA:13,0
DA:14,0
DA:16,0
DA:17,0
DA:18,0
DA:20,0
LF:9
LH:0
end_of_record
SF:lib\features\exercises\presentation\widget\container_selectable_widget.dart
DA:6,0
DA:10,0
DA:12,0
DA:13,0
DA:15,0
DA:16,0
DA:21,0
DA:23,0
LF:8
LH:0
end_of_record
SF:lib\features\exercises\presentation\widget\difficulty_level_selector_widget.dart
DA:17,0
DA:21,0
DA:23,0
DA:25,0
DA:32,0
DA:34,0
DA:35,0
DA:36,0
DA:37,0
DA:38,0
DA:39,0
DA:41,0
DA:42,0
DA:43,0
DA:44,0
DA:45,0
DA:46,0
DA:48,0
DA:49,0
DA:50,0
DA:51,0
DA:52,0
DA:58,0
DA:59,0
DA:60,0
DA:63,0
DA:64,0
DA:65,0
DA:66,0
DA:76,0
DA:77,0
DA:78,0
DA:79,0
DA:80,0
DA:81,0
DA:83,0
DA:84,0
DA:85,0
DA:86,0
DA:87,0
DA:91,0
DA:92,0
DA:93,0
DA:94,0
DA:95,0
DA:97,0
DA:99,0
DA:101,0
DA:102,0
LF:49
LH:0
end_of_record
SF:lib\features\exercises\presentation\widget\icon_video_widget.dart
DA:5,0
DA:9,0
DA:11,0
DA:14,0
DA:15,0
DA:16,0
DA:18,0
DA:20,0
DA:21,0
DA:23,0
LF:10
LH:0
end_of_record
SF:lib\features\exercises\presentation\widget\exercise_list_widget.dart
DA:14,0
DA:17,0
DA:19,0
DA:21,0
DA:22,0
DA:23,0
DA:24,0
DA:25,0
DA:26,0
DA:27,0
DA:28,0
DA:29,0
DA:31,0
DA:32,0
DA:33,0
DA:37,0
DA:38,0
DA:39,0
DA:40,0
DA:41,0
DA:46,0
DA:47,0
LF:22
LH:0
end_of_record
SF:lib\features\generic\widgets\generic_card.dart
DA:22,0
DA:35,0
DA:37,0
DA:38,0
DA:39,0
DA:41,0
DA:42,0
DA:43,0
DA:44,0
DA:48,0
DA:49,0
DA:50,0
DA:52,0
DA:53,0
DA:54,0
DA:55,0
DA:56,0
DA:57,0
DA:63,0
DA:64,0
DA:66,0
DA:67,0
DA:70,0
DA:71,0
DA:72,0
DA:73,0
DA:74,0
DA:75,0
DA:79,0
DA:81,0
DA:83,0
DA:84,0
DA:86,0
DA:87,0
DA:88,0
LF:35
LH:0
end_of_record
SF:lib\features\home\domain\entities\response\get_all_difficult_levels_response_entity.dart
DA:4,0
DA:11,0
LF:2
LH:0
end_of_record
SF:lib\features\home\domain\entities\response\get_random_muscles_response_entity.dart
DA:4,0
DA:12,0
LF:2
LH:0
end_of_record
SF:lib\features\home\domain\entities\response\get_random_exercises_response_entity.dart
DA:6,0
DA:46,0
LF:2
LH:0
end_of_record
SF:lib\features\home\data\mapper\home_mapper.dart
DA:10,0
DA:12,0
DA:13,0
DA:14,0
DA:16,0
DA:17,0
DA:18,0
DA:23,0
DA:25,0
DA:26,0
DA:27,0
DA:28,0
DA:30,0
DA:31,0
DA:32,0
DA:33,0
DA:34,0
DA:35,0
DA:36,0
DA:37,0
DA:38,0
DA:39,0
DA:40,0
DA:41,0
DA:42,0
DA:43,0
DA:44,0
DA:45,0
DA:46,0
DA:47,0
DA:48,0
DA:49,0
DA:50,0
DA:51,0
DA:52,0
DA:53,0
DA:54,0
DA:55,0
DA:56,0
DA:57,0
DA:58,0
DA:59,0
DA:60,0
DA:61,0
DA:62,0
DA:63,0
DA:64,0
DA:66,0
DA:70,0
DA:72,0
DA:73,0
DA:74,0
DA:76,0
DA:77,0
LF:54
LH:0
end_of_record
SF:lib\features\home\data\models\category_container_model.dart
DA:5,0
LF:1
LH:0
end_of_record
SF:lib\features\home\domain\entities\response\popular_training_entity.dart
DA:8,0
LF:1
LH:0
end_of_record
SF:lib\features\workouts\domain\entities\response\get_all_workouts_entity.dart
DA:7,17
DA:12,0
DA:13,0
DA:20,4
DA:25,0
DA:26,0
LF:6
LH:2
end_of_record
SF:lib\features\home\presentation\constants\popular_section_images.dart
DA:3,0
LF:1
LH:0
end_of_record
SF:lib\features\smart_coach_chat\presentation\views\smart_chat_intro_view.dart
DA:16,13
DA:18,0
DA:20,0
DA:23,0
DA:24,0
DA:25,0
DA:26,0
DA:29,0
DA:30,0
DA:31,0
DA:32,0
DA:33,0
DA:34,0
DA:35,0
DA:36,0
DA:37,0
DA:38,0
DA:39,0
DA:41,0
DA:42,0
DA:43,0
DA:45,0
DA:46,0
DA:47,0
DA:48,0
DA:49,0
DA:50,0
DA:51,0
DA:53,0
DA:54,0
DA:56,0
DA:57,0
DA:60,0
DA:61,0
DA:62,0
DA:64,0
DA:70,0
LF:37
LH:1
end_of_record
SF:lib\features\workouts\presentation\view_model\workouts_actions.dart
DA:8,1
DA:14,0
LF:2
LH:1
end_of_record
SF:lib\features\home\presentation\widgets\muscles_section.dart
DA:11,13
DA:13,0
DA:14,0
DA:19,0
DA:21,0
DA:22,0
DA:24,0
DA:26,0
DA:27,0
DA:28,0
DA:29,0
DA:30,0
DA:32,0
DA:33,0
DA:34,0
DA:35,0
LF:16
LH:1
end_of_record
SF:lib\features\home\presentation\widgets\category_section.dart
DA:14,13
DA:16,0
DA:18,0
DA:19,0
DA:21,0
DA:23,0
DA:25,0
DA:27,0
DA:29,0
DA:31,0
DA:33,0
DA:35,0
DA:37,0
DA:40,0
DA:42,0
DA:44,0
DA:45,0
DA:46,0
DA:47,0
DA:48,0
DA:49,0
DA:51,0
DA:52,0
DA:54,0
DA:55,0
DA:56,0
DA:58,0
DA:59,0
DA:60,0
DA:63,0
DA:64,0
DA:65,0
DA:67,0
DA:70,0
DA:75,0
LF:35
LH:1
end_of_record
SF:lib\features\home\presentation\widgets\meals_section.dart
DA:13,13
DA:15,0
DA:16,0
DA:20,0
DA:21,0
DA:23,0
DA:25,0
DA:26,0
DA:27,0
DA:28,0
DA:29,0
DA:30,0
DA:31,0
DA:33,0
DA:34,0
DA:35,0
DA:38,0
LF:17
LH:1
end_of_record
SF:lib\features\home\presentation\widgets\popular_training.dart
DA:9,13
DA:11,0
DA:12,0
DA:16,0
DA:18,0
DA:20,0
DA:21,0
DA:22,0
DA:23,0
DA:24,0
LF:10
LH:1
end_of_record
SF:lib\features\home\presentation\widgets\workout_section.dart
DA:14,13
DA:16,0
DA:17,0
DA:21,0
DA:22,0
DA:24,0
DA:26,0
DA:27,0
DA:28,0
DA:32,0
DA:34,0
DA:35,0
DA:36,0
DA:40,0
DA:42,0
DA:44,0
DA:45,0
DA:46,0
DA:47,0
DA:48,0
DA:49,0
DA:50,0
DA:51,0
DA:52,0
DA:53,0
DA:54,0
DA:55,0
DA:56,0
DA:65,0
DA:66,0
DA:67,0
DA:68,0
DA:69,0
DA:71,0
DA:72,0
DA:73,0
DA:74,0
DA:75,0
DA:76,0
DA:77,0
DA:78,0
DA:79,0
DA:80,0
DA:81,0
DA:92,0
DA:93,0
DA:94,0
DA:95,0
DA:96,0
LF:49
LH:1
end_of_record
SF:lib\features\home\presentation\widgets\custom_container_category.dart
DA:10,0
DA:14,0
DA:16,0
DA:18,0
DA:19,0
DA:20,0
DA:22,0
DA:23,0
DA:24,0
DA:25,0
DA:26,0
DA:27,0
DA:28,0
LF:13
LH:0
end_of_record
SF:lib\features\home\presentation\widgets\custom_chip.dart
DA:7,0
DA:12,0
DA:14,0
DA:15,0
DA:17,0
DA:18,0
DA:19,0
DA:21,0
DA:24,0
DA:25,0
DA:26,0
DA:27,0
LF:12
LH:0
end_of_record
SF:lib\features\home\presentation\widgets\home_loading_widget.dart
DA:7,13
DA:9,0
DA:11,0
DA:12,0
DA:13,0
DA:14,0
DA:15,0
LF:7
LH:1
end_of_record
SF:lib\features\home\presentation\widgets\recommendation_section.dart
DA:18,0
DA:25,0
DA:27,0
DA:29,0
DA:31,0
DA:33,0
DA:35,0
DA:36,0
DA:38,0
DA:39,0
DA:40,0
DA:41,0
DA:42,0
DA:44,0
DA:45,0
DA:46,0
DA:47,0
DA:49,0
DA:50,0
DA:55,0
DA:56,0
DA:57,0
DA:58,0
DA:61,0
DA:62,0
DA:63,0
DA:64,0
DA:66,0
DA:67,0
DA:68,0
DA:70,0
DA:71,0
DA:72,0
DA:76,0
LF:34
LH:0
end_of_record
SF:lib\features\home\presentation\widgets\popular_training_section.dart
DA:12,0
DA:16,0
DA:18,0
DA:20,0
DA:22,0
DA:23,0
DA:25,0
DA:26,0
DA:28,0
DA:29,0
DA:30,0
DA:31,0
DA:34,0
DA:35,0
DA:36,0
DA:37,0
DA:40,0
DA:41,0
DA:43,0
LF:19
LH:0
end_of_record
SF:lib\features\home\presentation\widgets\popular_training_widget.dart
DA:10,0
DA:14,0
DA:16,0
DA:17,0
DA:18,0
DA:19,0
DA:20,0
DA:21,0
DA:24,0
DA:25,0
DA:26,0
DA:27,0
DA:28,0
DA:34,0
DA:36,0
DA:37,0
DA:38,0
DA:39,0
DA:40,0
DA:41,0
DA:46,0
DA:47,0
DA:48,0
DA:49,0
DA:52,0
DA:53,0
DA:54,0
DA:55,0
DA:56,0
DA:64,0
DA:65,0
DA:68,0
DA:69,0
DA:70,0
DA:72,0
DA:80,0
DA:81,0
DA:82,0
DA:83,0
DA:84,0
DA:85,0
DA:86,0
LF:42
LH:0
end_of_record
SF:lib\features\home\presentation\widgets\recommendation_card.dart
DA:11,0
DA:16,0
DA:18,0
DA:19,0
DA:20,0
DA:21,0
DA:22,0
DA:23,0
DA:25,0
DA:27,0
DA:28,0
DA:29,0
DA:30,0
DA:31,0
DA:32,0
DA:33,0
DA:34,0
DA:35,0
DA:37,0
DA:39,0
DA:40,0
DA:42,0
DA:46,0
DA:50,0
DA:51,0
DA:52,0
DA:53,0
DA:56,0
DA:58,0
DA:61,0
DA:62,0
DA:63,0
DA:64,0
DA:73,0
DA:74,0
DA:75,0
DA:76,0
DA:77,0
DA:79,0
DA:81,0
DA:82,0
DA:83,0
DA:84,0
DA:85,0
DA:86,0
DA:87,0
DA:88,0
DA:89,0
DA:91,0
DA:92,0
DA:94,0
DA:95,0
DA:97,0
DA:101,0
DA:105,0
DA:106,0
DA:107,0
DA:108,0
DA:111,0
DA:113,0
DA:116,0
DA:117,0
DA:118,0
DA:119,0
DA:128,0
DA:129,0
DA:130,0
DA:131,0
DA:132,0
DA:134,0
DA:136,0
DA:137,0
DA:138,0
DA:139,0
DA:140,0
DA:141,0
DA:142,0
DA:143,0
DA:144,0
DA:146,0
DA:147,0
DA:149,0
DA:150,0
DA:152,0
DA:156,0
DA:160,0
DA:161,0
DA:162,0
DA:163,0
DA:166,0
DA:168,0
DA:171,0
DA:172,0
DA:173,0
DA:174,0
LF:95
LH:0
end_of_record
SF:lib\features\workouts\presentation\view_model\workouts_states.dart
DA:17,1
DA:23,1
DA:32,1
DA:38,1
DA:46,0
DA:53,0
LF:6
LH:4
end_of_record
SF:lib\features\meals\domain\entities\meal_details_entity.dart
DA:14,4
LF:1
LH:1
end_of_record
SF:lib\features\meals\domain\entities\meal_entity.dart
DA:8,4
DA:13,1
DA:14,4
LF:3
LH:3
end_of_record
SF:lib\features\meals\domain\entities\meals_category_entity.dart
DA:7,4
DA:12,1
DA:13,3
LF:3
LH:3
end_of_record
SF:lib\features\meals\data\mapper\meals_dto_mapper.dart
DA:9,1
DA:11,1
DA:12,1
DA:13,2
DA:14,1
DA:15,1
DA:16,1
DA:17,0
DA:18,0
DA:19,0
DA:20,1
DA:23,1
DA:24,1
DA:25,1
DA:26,2
DA:27,1
DA:28,1
DA:29,1
DA:30,1
DA:31,0
DA:32,0
DA:33,0
DA:34,0
DA:36,1
DA:39,1
DA:40,1
DA:41,3
DA:42,3
DA:43,3
DA:45,6
DA:47,6
DA:48,3
DA:49,3
DA:50,3
DA:51,3
DA:52,3
LF:36
LH:29
end_of_record
SF:lib\features\meals\presentation\provider\youtube_player_provider.dart
DA:10,0
DA:12,0
DA:14,0
DA:16,0
DA:18,0
DA:19,0
DA:21,0
DA:22,0
DA:26,0
DA:32,0
DA:34,0
DA:37,0
DA:38,0
DA:40,0
DA:41,0
DA:43,0
DA:46,0
DA:47,0
DA:49,0
DA:50,0
DA:52,0
DA:55,0
DA:56,0
DA:59,0
DA:60,0
DA:61,0
DA:62,0
DA:63,0
DA:64,0
DA:65,0
DA:66,0
DA:68,0
LF:32
LH:0
end_of_record
SF:lib\features\meals\presentation\widget\food_item.dart
DA:12,0
DA:15,0
DA:17,0
DA:19,0
DA:20,0
DA:21,0
DA:23,0
DA:24,0
DA:25,0
DA:26,0
DA:27,0
DA:31,0
DA:32,0
DA:33,0
DA:36,0
DA:37,0
DA:38,0
DA:44,0
DA:45,0
DA:46,0
DA:47,0
DA:48,0
DA:49,0
DA:50,0
DA:51,0
LF:25
LH:0
end_of_record
SF:lib\features\meals\presentation\widget\food_video_widget.dart
DA:14,0
DA:20,0
DA:22,0
DA:23,0
DA:27,0
DA:29,0
DA:32,0
DA:34,0
DA:35,0
DA:36,0
DA:40,0
DA:42,0
DA:43,0
DA:44,0
DA:47,0
DA:49,0
DA:50,0
DA:51,0
DA:52,0
DA:55,0
DA:60,0
DA:61,0
DA:62,0
DA:63,0
DA:64,0
DA:65,0
DA:66,0
DA:80,0
DA:81,0
DA:82,0
DA:83,0
DA:84,0
DA:87,0
DA:89,0
DA:90,0
DA:91,0
DA:94,0
DA:95,0
DA:96,0
DA:97,0
DA:98,0
DA:103,0
DA:109,0
DA:110,0
DA:111,0
DA:112,0
DA:113,0
DA:114,0
DA:117,0
DA:118,0
DA:119,0
DA:120,0
DA:121,0
DA:122,0
DA:125,0
DA:126,0
DA:127,0
DA:128,0
LF:58
LH:0
end_of_record
SF:lib\features\on_boarding\boarding_page.dart
DA:12,0
DA:20,0
DA:22,0
DA:24,0
DA:25,0
DA:26,0
DA:28,0
DA:29,0
DA:30,0
DA:31,0
DA:32,0
DA:34,0
DA:37,0
DA:38,0
DA:42,0
DA:43,0
DA:46,0
DA:47,0
DA:48,0
DA:49,0
DA:50,0
DA:51,0
DA:52,0
DA:54,0
DA:55,0
DA:58,0
DA:62,0
DA:64,0
DA:65,0
DA:68,0
LF:30
LH:0
end_of_record
SF:lib\features\profile\domain\entities\response\edit_profile_response_entity.dart
DA:9,0
DA:15,0
DA:16,0
DA:37,0
DA:56,0
DA:57,0
DA:58,0
DA:59,0
DA:60,0
DA:61,0
DA:62,0
DA:63,0
DA:64,0
DA:65,0
DA:66,0
DA:67,0
DA:68,0
DA:69,0
DA:70,0
DA:71,0
DA:72,0
DA:73,0
DA:76,0
DA:77,0
DA:78,0
DA:79,0
DA:80,0
DA:81,0
DA:82,0
DA:83,0
DA:84,0
DA:85,0
DA:86,0
DA:87,0
DA:88,0
DA:89,0
DA:90,0
DA:91,0
DA:92,0
DA:93,0
LF:40
LH:0
end_of_record
SF:lib\features\profile\domain\entities\response\upload_photo_response_entity.dart
DA:6,0
LF:1
LH:0
end_of_record
SF:lib\features\profile\domain\entities\response\profile_response_entity.dart
DA:2,0
DA:12,0
LF:2
LH:0
end_of_record
SF:lib\features\profile\data\mappers\profile_mappers.dart
DA:9,0
DA:11,0
DA:12,0
DA:16,0
DA:17,0
DA:18,0
DA:19,0
DA:20,0
DA:21,0
DA:22,0
DA:23,0
DA:24,0
DA:25,0
DA:26,0
DA:27,0
DA:28,0
DA:29,0
DA:30,0
DA:31,0
DA:32,0
DA:33,0
DA:36,0
DA:37,0
DA:38,0
DA:39,0
DA:42,0
DA:43,0
DA:44,0
DA:45,0
DA:46,0
DA:47,0
DA:48,0
DA:49,0
DA:50,0
DA:51,0
DA:52,0
DA:53,0
DA:57,0
DA:59,0
LF:39
LH:0
end_of_record
SF:lib\features\profile\presentation\widgets\app_bar.dart
DA:9,0
DA:10,0
DA:12,0
DA:13,0
DA:14,0
DA:16,0
DA:17,0
DA:19,0
DA:20,0
DA:21,0
DA:22,0
DA:23,0
LF:12
LH:0
end_of_record
SF:lib\features\profile\presentation\widgets\picture_profile_screen.dart
DA:18,13
DA:20,0
DA:21,0
DA:29,0
DA:31,0
DA:32,0
DA:35,0
DA:36,0
DA:38,0
DA:39,0
DA:40,0
DA:41,0
DA:42,0
DA:45,0
DA:47,0
DA:48,0
DA:50,0
DA:51,0
DA:53,0
DA:54,0
DA:55,0
DA:57,0
DA:58,0
DA:59,0
DA:60,0
DA:62,0
DA:63,0
DA:64,0
DA:65,0
DA:69,0
DA:70,0
DA:71,0
DA:72,0
DA:73,0
DA:74,0
DA:75,0
DA:77,0
DA:78,0
DA:79,0
DA:80,0
DA:83,0
DA:85,0
DA:86,0
DA:90,0
DA:92,0
DA:93,0
DA:94,0
DA:95,0
DA:96,0
DA:111,0
DA:112,0
DA:113,0
DA:114,0
DA:115,0
DA:116,0
DA:118,0
DA:119,0
DA:120,0
DA:121,0
DA:123,0
LF:60
LH:1
end_of_record
SF:lib\features\profile\presentation\widgets\profile_date_section.dart
DA:12,0
DA:14,0
DA:15,0
DA:19,0
DA:21,0
DA:22,0
DA:23,0
DA:24,0
DA:26,0
DA:27,0
DA:29,0
DA:30,0
DA:31,0
DA:32,0
DA:33,0
DA:34,0
DA:35,0
DA:36,0
DA:37,0
DA:40,0
DA:41,0
DA:43,0
DA:44,0
DA:45,0
DA:48,0
DA:49,0
DA:51,0
DA:52,0
DA:53,0
DA:56,0
DA:57,0
DA:63,0
DA:64,0
DA:65,0
DA:66,0
DA:67,0
DA:68,0
DA:69,0
DA:70,0
DA:72,0
LF:40
LH:0
end_of_record
SF:lib\features\profile\presentation\widgets\profile_info.dart
DA:12,13
DA:15,0
DA:17,0
DA:18,0
DA:20,0
DA:21,0
DA:23,0
DA:24,0
DA:25,0
DA:26,0
DA:27,0
DA:29,0
DA:30,0
DA:31,0
DA:32,0
DA:33,0
DA:34,0
DA:35,0
DA:37,0
DA:38,0
DA:39,0
DA:40,0
DA:44,0
DA:45,0
DA:46,0
DA:47,0
DA:48,0
DA:49,0
DA:50,0
DA:53,0
LF:30
LH:1
end_of_record
SF:lib\features\profile\presentation\widgets\setting_list.dart
DA:17,13
DA:19,0
DA:21,0
DA:22,0
DA:23,0
DA:25,0
DA:26,0
DA:29,0
DA:30,0
DA:32,0
DA:33,0
DA:36,0
DA:37,0
DA:38,0
DA:39,0
DA:40,0
DA:41,0
DA:42,0
DA:43,0
DA:46,0
DA:48,0
DA:49,0
DA:50,0
DA:57,0
DA:58,0
DA:59,0
DA:60,0
DA:61,0
DA:62,0
DA:63,0
DA:64,0
DA:65,0
DA:66,0
DA:67,0
DA:68,0
DA:69,0
DA:70,0
DA:76,0
DA:77,0
DA:79,0
DA:80,0
DA:83,0
DA:84,0
DA:86,0
DA:87,0
DA:90,0
DA:91,0
DA:93,0
DA:94,0
DA:97,0
DA:98,0
DA:100,0
DA:101,0
DA:106,0
DA:107,0
DA:108,0
DA:109,0
DA:110,0
DA:112,0
DA:115,0
DA:116,0
DA:117,0
DA:119,0
DA:120,0
DA:123,0
LF:65
LH:1
end_of_record
SF:lib\features\profile\presentation\widgets\edit_text_widget.dart
DA:9,0
DA:17,0
DA:19,0
DA:20,0
DA:21,0
DA:22,0
DA:23,0
DA:24,0
DA:25,0
DA:28,0
DA:30,0
DA:31,0
DA:34,0
DA:35,0
DA:36,0
DA:37,0
DA:40,0
DA:42,0
DA:43,0
LF:19
LH:0
end_of_record
SF:lib\features\profile\presentation\widgets\editable_data.dart
DA:16,13
DA:17,0
DA:19,0
DA:20,0
DA:22,0
DA:23,0
DA:25,0
DA:26,0
DA:27,0
DA:29,0
DA:30,0
DA:31,0
DA:32,0
DA:34,0
DA:36,0
DA:38,0
DA:39,0
DA:40,0
DA:41,0
DA:42,0
DA:43,0
DA:46,0
DA:47,0
DA:48,0
DA:49,0
DA:50,0
DA:51,0
DA:53,0
DA:54,0
DA:59,0
DA:60,0
DA:61,0
DA:62,0
DA:63,0
DA:64,0
DA:67,0
DA:68,0
DA:69,0
DA:70,0
DA:71,0
DA:72,0
DA:74,0
DA:75,0
DA:80,0
DA:81,0
DA:82,0
DA:83,0
DA:84,0
DA:85,0
DA:89,0
DA:92,0
DA:93,0
DA:94,0
DA:95,0
DA:96,0
DA:97,0
DA:98,0
DA:99,0
DA:101,0
LF:59
LH:1
end_of_record
SF:lib\features\profile\presentation\widgets\info_center_item.dart
DA:8,0
DA:16,0
DA:18,0
DA:20,0
DA:21,0
DA:22,0
DA:24,0
DA:26,0
DA:27,0
DA:28,0
LF:10
LH:0
end_of_record
SF:lib\features\profile\presentation\widgets\info_center_widget.dart
DA:11,0
DA:15,0
DA:17,0
DA:19,0
DA:20,0
DA:24,0
DA:26,0
DA:27,0
DA:28,0
DA:29,0
DA:30,0
DA:31,0
DA:33,0
DA:34,0
DA:36,0
DA:37,0
DA:40,0
DA:42,0
DA:43,0
LF:19
LH:0
end_of_record
SF:lib\features\profile\presentation\widgets\logout_dialog.dart
DA:13,0
DA:15,0
DA:17,0
DA:19,0
DA:20,0
DA:22,0
DA:24,0
DA:25,0
DA:26,0
DA:27,0
DA:29,0
DA:30,0
DA:32,0
DA:33,0
DA:35,0
DA:36,0
DA:37,0
DA:38,0
DA:39,0
DA:40,0
DA:41,0
DA:46,0
DA:47,0
DA:48,0
DA:49,0
DA:50,0
DA:51,0
DA:52,0
DA:53,0
DA:56,0
LF:30
LH:0
end_of_record
SF:lib\features\profile\presentation\widgets\setting_item.dart
DA:8,0
DA:22,0
DA:24,0
DA:25,0
DA:26,0
DA:27,0
DA:28,0
DA:29,0
DA:32,0
DA:33,0
DA:35,0
DA:37,0
DA:39,0
LF:13
LH:0
end_of_record
SF:lib\features\smart_coach_chat\domain\entities\smart_chat_response_entity.dart
DA:9,0
DA:14,0
DA:15,0
DA:21,0
DA:27,0
DA:28,0
DA:35,0
DA:43,0
DA:44,0
LF:9
LH:0
end_of_record
SF:lib\features\smart_coach_chat\data\mappers\offline\message_mapper.dart
DA:11,0
DA:12,0
DA:13,0
DA:14,0
DA:15,0
DA:16,0
DA:18,0
DA:22,0
DA:23,0
DA:24,0
DA:25,0
DA:26,0
DA:27,0
DA:29,0
DA:32,0
DA:33,0
DA:34,0
DA:35,0
DA:41,0
DA:43,0
DA:44,0
DA:45,0
DA:47,0
DA:48,0
DA:49,0
DA:50,0
DA:57,0
DA:59,0
DA:60,0
DA:61,0
DA:65,0
DA:66,0
DA:67,0
DA:72,0
DA:79,0
DA:81,0
DA:82,0
DA:83,0
DA:84,0
DA:90,0
DA:92,0
DA:93,0
DA:94,0
DA:98,0
DA:100,0
DA:101,0
DA:103,0
DA:108,0
DA:110,0
DA:111,0
DA:112,0
DA:113,0
DA:116,0
DA:117,0
LF:54
LH:0
end_of_record
SF:lib\features\smart_coach_chat\presentation\viewModel\smart_chat_action.dart
DA:12,0
DA:22,0
LF:2
LH:0
end_of_record
SF:lib\features\smart_coach_chat\presentation\viewModel\smart_chat_state.dart
DA:6,0
DA:7,0
DA:8,0
DA:20,0
DA:23,0
DA:24,0
DA:29,0
DA:30,0
DA:31,0
DA:38,0
LF:10
LH:0
end_of_record
SF:lib\features\smart_coach_chat\presentation\widgets\build_message_input.dart
DA:18,13
DA:20,0
DA:21,0
DA:28,0
DA:29,0
DA:30,0
DA:33,0
DA:34,0
DA:39,0
DA:40,0
DA:41,0
DA:45,0
DA:46,0
DA:48,0
DA:50,0
DA:54,0
DA:55,0
DA:60,0
DA:61,0
DA:64,0
DA:65,0
DA:66,0
DA:70,0
DA:72,0
DA:73,0
DA:74,0
DA:76,0
DA:78,0
DA:79,0
DA:80,0
DA:81,0
DA:82,0
DA:84,0
DA:85,0
DA:86,0
DA:87,0
DA:88,0
DA:89,0
DA:90,0
DA:92,0
DA:93,0
DA:95,0
DA:99,0
DA:100,0
DA:101,0
DA:103,0
DA:104,0
LF:47
LH:1
end_of_record
SF:lib\features\smart_coach_chat\presentation\widgets\smart_chat_list.dart
DA:10,0
DA:12,0
DA:14,0
DA:15,0
DA:16,0
DA:17,0
DA:18,0
DA:19,0
DA:20,0
DA:21,0
DA:22,0
DA:23,0
DA:24,0
LF:13
LH:0
end_of_record
SF:lib\features\smart_coach_chat\presentation\widgets\custom_saved_message.dart
DA:11,0
DA:17,0
DA:19,0
DA:20,0
DA:21,0
DA:22,0
DA:24,0
DA:25,0
DA:26,0
DA:27,0
DA:28,0
DA:29,0
DA:30,0
DA:31,0
DA:32,0
DA:34,0
DA:35,0
DA:36,0
DA:37,0
DA:46,0
LF:20
LH:0
end_of_record
SF:lib\features\smart_coach_chat\presentation\widgets\avatar_with_shadow.dart
DA:4,0
DA:8,0
DA:10,0
DA:11,0
DA:13,0
DA:16,0
DA:18,0
DA:19,0
DA:20,0
DA:28,0
DA:31,0
DA:34,0
DA:35,0
DA:36,0
LF:14
LH:0
end_of_record
SF:lib\features\smart_coach_chat\presentation\widgets\menu_item_anchor.dart
DA:8,0
DA:13,0
DA:15,0
DA:16,0
DA:17,0
DA:18,0
DA:19,0
DA:20,0
DA:21,0
DA:23,0
DA:28,0
DA:29,0
DA:30,0
DA:31,0
DA:33,0
DA:34,0
DA:35,0
DA:38,0
DA:39,0
LF:19
LH:0
end_of_record
SF:lib\features\smart_coach_chat\presentation\widgets\chat_image_widget.dart
DA:5,0
DA:11,0
DA:13,0
DA:16,0
DA:18,0
DA:19,0
DA:22,0
DA:23,0
DA:24,0
DA:27,0
DA:28,0
DA:29,0
DA:36,0
DA:39,0
DA:40,0
DA:41,0
DA:43,0
DA:44,0
DA:46,0
LF:19
LH:0
end_of_record
SF:lib\features\smart_coach_chat\presentation\widgets\chat_bubble.dart
DA:13,0
DA:15,0
DA:17,0
DA:20,0
DA:21,0
DA:22,0
DA:23,0
DA:24,0
DA:27,0
DA:29,0
DA:31,0
DA:34,0
DA:35,0
DA:36,0
DA:37,0
DA:38,0
DA:41,0
DA:42,0
DA:43,0
DA:45,0
DA:46,0
DA:47,0
DA:48,0
DA:49,0
DA:50,0
DA:55,0
DA:56,0
DA:57,0
DA:58,0
DA:61,0
DA:62,0
DA:64,0
DA:66,0
DA:68,0
DA:69,0
DA:77,0
DA:78,0
LF:37
LH:0
end_of_record
SF:lib\features\workouts\domain\entities\response\get_all_workouts_by_id_entity.dart
DA:8,4
DA:14,0
DA:15,0
DA:16,0
DA:17,0
DA:18,0
DA:20,0
DA:21,0
DA:22,0
DA:23,0
DA:28,0
DA:29,0
DA:36,4
DA:41,0
DA:42,0
DA:43,0
DA:44,0
DA:48,0
DA:49,0
DA:57,4
DA:63,0
DA:64,0
DA:65,0
DA:66,0
DA:67,0
DA:71,0
DA:72,0
LF:27
LH:3
end_of_record
SF:lib\features\workouts\domain\entities\response\muscles_by_muscle_group_id_entity.dart
DA:8,0
DA:11,0
DA:12,0
LF:3
LH:0
end_of_record
SF:lib\features\workouts\data\mappers\workouts_mapper.dart
DA:9,1
DA:10,1
DA:11,1
DA:12,1
DA:13,5
DA:17,1
DA:18,1
DA:19,1
DA:20,1
DA:24,1
DA:26,1
DA:27,1
DA:28,1
DA:29,1
DA:30,2
DA:31,2
DA:34,1
DA:35,5
DA:40,1
DA:41,1
DA:42,1
DA:43,1
DA:44,1
DA:48,0
DA:50,0
DA:51,0
DA:52,0
DA:53,0
DA:54,0
DA:55,0
DA:57,0
LF:31
LH:23
end_of_record
